<?xml version="1.0" ?>
<testsuite errors="0" failures="0" name="TestPVUnits-20180604115701" tests="2079" time="0.145">
	<testcase classname="TestPVUnits" name="test_desc_length" time="0.001"/>
	<testcase classname="TestPVUnits" name="test_interest_calc_readonly" time="0.000"/>
	<testcase classname="TestPVUnits" name="test_interest_descriptions" time="0.000"/>
	<testcase classname="TestPVUnits" name="test_interest_syntax" time="0.000"/>
	<testcase classname="TestPVUnits" name="test_interest_units" time="0.000"/>
	<testcase classname="TestPVUnits" name="test_log_info_tags" time="0.000"/>
	<testcase classname="TestPVUnits" name="test_multiple_properties_on_pvs" time="0.000"/>
	<testcase classname="TestPVUnits" name="test_multiple_pvs_warning" time="0.000"/>
	<testcase classname="TestPVUnits" name="test_units_valid" time="0.000"/>
	<testcase classname="TestPVUnits" name="test_desc_length" time="0.000"/>
	<testcase classname="TestPVUnits" name="test_interest_calc_readonly" time="0.000"/>
	<testcase classname="TestPVUnits" name="test_interest_descriptions" time="0.000"/>
	<testcase classname="TestPVUnits" name="test_interest_syntax" time="0.000"/>
	<testcase classname="TestPVUnits" name="test_interest_units" time="0.000"/>
	<testcase classname="TestPVUnits" name="test_log_info_tags" time="0.000"/>
	<testcase classname="TestPVUnits" name="test_multiple_properties_on_pvs" time="0.000"/>
	<testcase classname="TestPVUnits" name="test_multiple_pvs_warning" time="0.000"/>
	<testcase classname="TestPVUnits" name="test_units_valid" time="0.000"/>
	<testcase classname="TestPVUnits" name="test_desc_length" time="0.000"/>
	<testcase classname="TestPVUnits" name="test_interest_calc_readonly" time="0.000"/>
	<testcase classname="TestPVUnits" name="test_interest_descriptions" time="0.000"/>
	<testcase classname="TestPVUnits" name="test_interest_syntax" time="0.000"/>
	<testcase classname="TestPVUnits" name="test_interest_units" time="0.000"/>
	<testcase classname="TestPVUnits" name="test_log_info_tags" time="0.000"/>
	<testcase classname="TestPVUnits" name="test_multiple_properties_on_pvs" time="0.000"/>
	<testcase classname="TestPVUnits" name="test_multiple_pvs_warning" time="0.000"/>
	<testcase classname="TestPVUnits" name="test_units_valid" time="0.000"/>
	<testcase classname="TestPVUnits" name="test_desc_length" time="0.000"/>
	<testcase classname="TestPVUnits" name="test_interest_calc_readonly" time="0.000"/>
	<testcase classname="TestPVUnits" name="test_interest_descriptions" time="0.000"/>
	<testcase classname="TestPVUnits" name="test_interest_syntax" time="0.000"/>
	<testcase classname="TestPVUnits" name="test_interest_units" time="0.000"/>
	<testcase classname="TestPVUnits" name="test_log_info_tags" time="0.000"/>
	<testcase classname="TestPVUnits" name="test_multiple_properties_on_pvs" time="0.000"/>
	<testcase classname="TestPVUnits" name="test_multiple_pvs_warning" time="0.000"/>
	<testcase classname="TestPVUnits" name="test_units_valid" time="0.000"/>
	<testcase classname="TestPVUnits" name="test_desc_length" time="0.001"/>
	<testcase classname="TestPVUnits" name="test_interest_calc_readonly" time="0.000"/>
	<testcase classname="TestPVUnits" name="test_interest_descriptions" time="0.000"/>
	<testcase classname="TestPVUnits" name="test_interest_syntax" time="0.000"/>
	<testcase classname="TestPVUnits" name="test_interest_units" time="0.000"/>
	<testcase classname="TestPVUnits" name="test_log_info_tags" time="0.000"/>
	<testcase classname="TestPVUnits" name="test_multiple_properties_on_pvs" time="0.000"/>
	<testcase classname="TestPVUnits" name="test_multiple_pvs_warning" time="0.000"/>
	<testcase classname="TestPVUnits" name="test_units_valid" time="0.000"/>
	<testcase classname="TestPVUnits" name="test_desc_length" time="0.000"/>
	<testcase classname="TestPVUnits" name="test_interest_calc_readonly" time="0.000"/>
	<testcase classname="TestPVUnits" name="test_interest_descriptions" time="0.000"/>
	<testcase classname="TestPVUnits" name="test_interest_syntax" time="0.000"/>
	<testcase classname="TestPVUnits" name="test_interest_units" time="0.000"/>
	<testcase classname="TestPVUnits" name="test_log_info_tags" time="0.000"/>
	<testcase classname="TestPVUnits" name="test_multiple_properties_on_pvs" time="0.000"/>
	<testcase classname="TestPVUnits" name="test_multiple_pvs_warning" time="0.000"/>
	<testcase classname="TestPVUnits" name="test_units_valid" time="0.000"/>
	<testcase classname="TestPVUnits" name="test_desc_length" time="0.000"/>
	<testcase classname="TestPVUnits" name="test_interest_calc_readonly" time="0.000"/>
	<testcase classname="TestPVUnits" name="test_interest_descriptions" time="0.000"/>
	<testcase classname="TestPVUnits" name="test_interest_syntax" time="0.000"/>
	<testcase classname="TestPVUnits" name="test_interest_units" time="0.000"/>
	<testcase classname="TestPVUnits" name="test_log_info_tags" time="0.000"/>
	<testcase classname="TestPVUnits" name="test_multiple_properties_on_pvs" time="0.000"/>
	<testcase classname="TestPVUnits" name="test_multiple_pvs_warning" time="0.000"/>
	<testcase classname="TestPVUnits" name="test_units_valid" time="0.000"/>
	<testcase classname="TestPVUnits" name="test_desc_length" time="0.001"/>
	<testcase classname="TestPVUnits" name="test_interest_calc_readonly" time="0.000"/>
	<testcase classname="TestPVUnits" name="test_interest_descriptions" time="0.000"/>
	<testcase classname="TestPVUnits" name="test_interest_syntax" time="0.000"/>
	<testcase classname="TestPVUnits" name="test_interest_units" time="0.000"/>
	<testcase classname="TestPVUnits" name="test_log_info_tags" time="0.000"/>
	<testcase classname="TestPVUnits" name="test_multiple_properties_on_pvs" time="0.000"/>
	<testcase classname="TestPVUnits" name="test_multiple_pvs_warning" time="0.000"/>
	<testcase classname="TestPVUnits" name="test_units_valid" time="0.000"/>
	<testcase classname="TestPVUnits" name="test_desc_length" time="0.000"/>
	<testcase classname="TestPVUnits" name="test_interest_calc_readonly" time="0.000"/>
	<testcase classname="TestPVUnits" name="test_interest_descriptions" time="0.000"/>
	<testcase classname="TestPVUnits" name="test_interest_syntax" time="0.000"/>
	<testcase classname="TestPVUnits" name="test_interest_units" time="0.000"/>
	<testcase classname="TestPVUnits" name="test_log_info_tags" time="0.000"/>
	<testcase classname="TestPVUnits" name="test_multiple_properties_on_pvs" time="0.000"/>
	<testcase classname="TestPVUnits" name="test_multiple_pvs_warning" time="0.000"/>
	<testcase classname="TestPVUnits" name="test_units_valid" time="0.000"/>
	<testcase classname="TestPVUnits" name="test_desc_length" time="0.000"/>
	<testcase classname="TestPVUnits" name="test_interest_calc_readonly" time="0.000"/>
	<testcase classname="TestPVUnits" name="test_interest_descriptions" time="0.000"/>
	<testcase classname="TestPVUnits" name="test_interest_syntax" time="0.000"/>
	<testcase classname="TestPVUnits" name="test_interest_units" time="0.000"/>
	<testcase classname="TestPVUnits" name="test_log_info_tags" time="0.000"/>
	<testcase classname="TestPVUnits" name="test_multiple_properties_on_pvs" time="0.000"/>
	<testcase classname="TestPVUnits" name="test_multiple_pvs_warning" time="0.000"/>
	<testcase classname="TestPVUnits" name="test_units_valid" time="0.000"/>
	<testcase classname="TestPVUnits" name="test_desc_length" time="0.000"/>
	<testcase classname="TestPVUnits" name="test_interest_calc_readonly" time="0.000"/>
	<testcase classname="TestPVUnits" name="test_interest_descriptions" time="0.000"/>
	<testcase classname="TestPVUnits" name="test_interest_syntax" time="0.000"/>
	<testcase classname="TestPVUnits" name="test_interest_units" time="0.000"/>
	<testcase classname="TestPVUnits" name="test_log_info_tags" time="0.000"/>
	<testcase classname="TestPVUnits" name="test_multiple_properties_on_pvs" time="0.000"/>
	<testcase classname="TestPVUnits" name="test_units_valid" time="0.000"/>
	<testcase classname="TestPVUnits" name="test_desc_length" time="0.000"/>
	<testcase classname="TestPVUnits" name="test_interest_calc_readonly" time="0.000"/>
	<testcase classname="TestPVUnits" name="test_interest_descriptions" time="0.000"/>
	<testcase classname="TestPVUnits" name="test_interest_syntax" time="0.000"/>
	<testcase classname="TestPVUnits" name="test_interest_units" time="0.000"/>
	<testcase classname="TestPVUnits" name="test_log_info_tags" time="0.000"/>
	<testcase classname="TestPVUnits" name="test_multiple_properties_on_pvs" time="0.000"/>
	<testcase classname="TestPVUnits" name="test_multiple_pvs_warning" time="0.000"/>
	<testcase classname="TestPVUnits" name="test_units_valid" time="0.000"/>
	<testcase classname="TestPVUnits" name="test_desc_length" time="0.000"/>
	<testcase classname="TestPVUnits" name="test_interest_calc_readonly" time="0.000"/>
	<testcase classname="TestPVUnits" name="test_interest_descriptions" time="0.000"/>
	<testcase classname="TestPVUnits" name="test_interest_syntax" time="0.000"/>
	<testcase classname="TestPVUnits" name="test_interest_units" time="0.000"/>
	<testcase classname="TestPVUnits" name="test_log_info_tags" time="0.000"/>
	<testcase classname="TestPVUnits" name="test_multiple_properties_on_pvs" time="0.000"/>
	<testcase classname="TestPVUnits" name="test_multiple_pvs_warning" time="0.000"/>
	<testcase classname="TestPVUnits" name="test_units_valid" time="0.000"/>
	<testcase classname="TestPVUnits" name="test_desc_length" time="0.000"/>
	<testcase classname="TestPVUnits" name="test_interest_calc_readonly" time="0.000"/>
	<testcase classname="TestPVUnits" name="test_interest_descriptions" time="0.000"/>
	<testcase classname="TestPVUnits" name="test_interest_syntax" time="0.000"/>
	<testcase classname="TestPVUnits" name="test_interest_units" time="0.000"/>
	<testcase classname="TestPVUnits" name="test_log_info_tags" time="0.000"/>
	<testcase classname="TestPVUnits" name="test_multiple_properties_on_pvs" time="0.000"/>
	<testcase classname="TestPVUnits" name="test_multiple_pvs_warning" time="0.000"/>
	<testcase classname="TestPVUnits" name="test_units_valid" time="0.000"/>
	<testcase classname="TestPVUnits" name="test_desc_length" time="0.000"/>
	<testcase classname="TestPVUnits" name="test_interest_calc_readonly" time="0.000"/>
	<testcase classname="TestPVUnits" name="test_interest_descriptions" time="0.000"/>
	<testcase classname="TestPVUnits" name="test_interest_syntax" time="0.000"/>
	<testcase classname="TestPVUnits" name="test_interest_units" time="0.000"/>
	<testcase classname="TestPVUnits" name="test_log_info_tags" time="0.000"/>
	<testcase classname="TestPVUnits" name="test_multiple_properties_on_pvs" time="0.000"/>
	<testcase classname="TestPVUnits" name="test_multiple_pvs_warning" time="0.000"/>
	<testcase classname="TestPVUnits" name="test_units_valid" time="0.001"/>
	<testcase classname="TestPVUnits" name="test_desc_length" time="0.000"/>
	<testcase classname="TestPVUnits" name="test_interest_calc_readonly" time="0.000"/>
	<testcase classname="TestPVUnits" name="test_interest_descriptions" time="0.000"/>
	<testcase classname="TestPVUnits" name="test_interest_syntax" time="0.000"/>
	<testcase classname="TestPVUnits" name="test_interest_units" time="0.000"/>
	<testcase classname="TestPVUnits" name="test_log_info_tags" time="0.000"/>
	<testcase classname="TestPVUnits" name="test_multiple_properties_on_pvs" time="0.000"/>
	<testcase classname="TestPVUnits" name="test_multiple_pvs_warning" time="0.000"/>
	<testcase classname="TestPVUnits" name="test_units_valid" time="0.000"/>
	<testcase classname="TestPVUnits" name="test_desc_length" time="0.000"/>
	<testcase classname="TestPVUnits" name="test_interest_calc_readonly" time="0.000"/>
	<testcase classname="TestPVUnits" name="test_interest_descriptions" time="0.000"/>
	<testcase classname="TestPVUnits" name="test_interest_syntax" time="0.000"/>
	<testcase classname="TestPVUnits" name="test_interest_units" time="0.000"/>
	<testcase classname="TestPVUnits" name="test_log_info_tags" time="0.000"/>
	<testcase classname="TestPVUnits" name="test_multiple_properties_on_pvs" time="0.000"/>
	<testcase classname="TestPVUnits" name="test_multiple_pvs_warning" time="0.000"/>
	<testcase classname="TestPVUnits" name="test_units_valid" time="0.000"/>
	<testcase classname="TestPVUnits" name="test_desc_length" time="0.000"/>
	<testcase classname="TestPVUnits" name="test_interest_calc_readonly" time="0.001"/>
	<testcase classname="TestPVUnits" name="test_interest_descriptions" time="0.000"/>
	<testcase classname="TestPVUnits" name="test_interest_syntax" time="0.000"/>
	<testcase classname="TestPVUnits" name="test_interest_units" time="0.000"/>
	<testcase classname="TestPVUnits" name="test_log_info_tags" time="0.000"/>
	<testcase classname="TestPVUnits" name="test_multiple_properties_on_pvs" time="0.000"/>
	<testcase classname="TestPVUnits" name="test_multiple_pvs_warning" time="0.000"/>
	<testcase classname="TestPVUnits" name="test_units_valid" time="0.000"/>
	<testcase classname="TestPVUnits" name="test_desc_length" time="0.000"/>
	<testcase classname="TestPVUnits" name="test_interest_calc_readonly" time="0.000"/>
	<testcase classname="TestPVUnits" name="test_interest_descriptions" time="0.000"/>
	<testcase classname="TestPVUnits" name="test_interest_syntax" time="0.001"/>
	<testcase classname="TestPVUnits" name="test_interest_units" time="0.000"/>
	<testcase classname="TestPVUnits" name="test_log_info_tags" time="0.000"/>
	<testcase classname="TestPVUnits" name="test_multiple_properties_on_pvs" time="0.000"/>
	<testcase classname="TestPVUnits" name="test_multiple_pvs_warning" time="0.000"/>
	<testcase classname="TestPVUnits" name="test_units_valid" time="0.000"/>
	<testcase classname="TestPVUnits" name="test_desc_length" time="0.000"/>
	<testcase classname="TestPVUnits" name="test_interest_calc_readonly" time="0.000"/>
	<testcase classname="TestPVUnits" name="test_interest_descriptions" time="0.000"/>
	<testcase classname="TestPVUnits" name="test_interest_syntax" time="0.001"/>
	<testcase classname="TestPVUnits" name="test_interest_units" time="0.000"/>
	<testcase classname="TestPVUnits" name="test_log_info_tags" time="0.000"/>
	<testcase classname="TestPVUnits" name="test_multiple_properties_on_pvs" time="0.000"/>
	<testcase classname="TestPVUnits" name="test_multiple_pvs_warning" time="0.000"/>
	<testcase classname="TestPVUnits" name="test_units_valid" time="0.000"/>
	<testcase classname="TestPVUnits" name="test_desc_length" time="0.000"/>
	<testcase classname="TestPVUnits" name="test_interest_calc_readonly" time="0.000"/>
	<testcase classname="TestPVUnits" name="test_interest_descriptions" time="0.000"/>
	<testcase classname="TestPVUnits" name="test_interest_syntax" time="0.000"/>
	<testcase classname="TestPVUnits" name="test_interest_units" time="0.000"/>
	<testcase classname="TestPVUnits" name="test_log_info_tags" time="0.000"/>
	<testcase classname="TestPVUnits" name="test_multiple_properties_on_pvs" time="0.000"/>
	<testcase classname="TestPVUnits" name="test_multiple_pvs_warning" time="0.000"/>
	<testcase classname="TestPVUnits" name="test_units_valid" time="0.001"/>
	<testcase classname="TestPVUnits" name="test_desc_length" time="0.000"/>
	<testcase classname="TestPVUnits" name="test_interest_calc_readonly" time="0.000"/>
	<testcase classname="TestPVUnits" name="test_interest_descriptions" time="0.000"/>
	<testcase classname="TestPVUnits" name="test_interest_syntax" time="0.000"/>
	<testcase classname="TestPVUnits" name="test_interest_units" time="0.001"/>
	<testcase classname="TestPVUnits" name="test_log_info_tags" time="0.000"/>
	<testcase classname="TestPVUnits" name="test_multiple_properties_on_pvs" time="0.000"/>
	<testcase classname="TestPVUnits" name="test_multiple_pvs_warning" time="0.000"/>
	<testcase classname="TestPVUnits" name="test_units_valid" time="0.000"/>
	<testcase classname="TestPVUnits" name="test_desc_length" time="0.000"/>
	<testcase classname="TestPVUnits" name="test_interest_calc_readonly" time="0.000"/>
	<testcase classname="TestPVUnits" name="test_interest_descriptions" time="0.000"/>
	<testcase classname="TestPVUnits" name="test_interest_syntax" time="0.000"/>
	<testcase classname="TestPVUnits" name="test_interest_units" time="0.000"/>
	<testcase classname="TestPVUnits" name="test_log_info_tags" time="0.000"/>
	<testcase classname="TestPVUnits" name="test_multiple_properties_on_pvs" time="0.000"/>
	<testcase classname="TestPVUnits" name="test_multiple_pvs_warning" time="0.000"/>
	<testcase classname="TestPVUnits" name="test_units_valid" time="0.000"/>
	<testcase classname="TestPVUnits" name="test_desc_length" time="0.000"/>
	<testcase classname="TestPVUnits" name="test_interest_calc_readonly" time="0.000"/>
	<testcase classname="TestPVUnits" name="test_interest_descriptions" time="0.000"/>
	<testcase classname="TestPVUnits" name="test_interest_syntax" time="0.000"/>
	<testcase classname="TestPVUnits" name="test_interest_units" time="0.000"/>
	<testcase classname="TestPVUnits" name="test_log_info_tags" time="0.000"/>
	<testcase classname="TestPVUnits" name="test_multiple_properties_on_pvs" time="0.000"/>
	<testcase classname="TestPVUnits" name="test_multiple_pvs_warning" time="0.000"/>
	<testcase classname="TestPVUnits" name="test_units_valid" time="0.001"/>
	<testcase classname="TestPVUnits" name="test_desc_length" time="0.000"/>
	<testcase classname="TestPVUnits" name="test_interest_calc_readonly" time="0.000"/>
	<testcase classname="TestPVUnits" name="test_interest_descriptions" time="0.000"/>
	<testcase classname="TestPVUnits" name="test_interest_syntax" time="0.000"/>
	<testcase classname="TestPVUnits" name="test_interest_units" time="0.000"/>
	<testcase classname="TestPVUnits" name="test_log_info_tags" time="0.000"/>
	<testcase classname="TestPVUnits" name="test_multiple_properties_on_pvs" time="0.000"/>
	<testcase classname="TestPVUnits" name="test_multiple_pvs_warning" time="0.000"/>
	<testcase classname="TestPVUnits" name="test_units_valid" time="0.000"/>
	<testcase classname="TestPVUnits" name="test_desc_length" time="0.000"/>
	<testcase classname="TestPVUnits" name="test_interest_calc_readonly" time="0.000"/>
	<testcase classname="TestPVUnits" name="test_interest_descriptions" time="0.000"/>
	<testcase classname="TestPVUnits" name="test_interest_syntax" time="0.001"/>
	<testcase classname="TestPVUnits" name="test_interest_units" time="0.000"/>
	<testcase classname="TestPVUnits" name="test_log_info_tags" time="0.000"/>
	<testcase classname="TestPVUnits" name="test_multiple_properties_on_pvs" time="0.000"/>
	<testcase classname="TestPVUnits" name="test_multiple_pvs_warning" time="0.001"/>
	<testcase classname="TestPVUnits" name="test_units_valid" time="0.000"/>
	<testcase classname="TestPVUnits" name="test_desc_length" time="0.000"/>
	<testcase classname="TestPVUnits" name="test_interest_calc_readonly" time="0.000"/>
	<testcase classname="TestPVUnits" name="test_interest_descriptions" time="0.000"/>
	<testcase classname="TestPVUnits" name="test_interest_syntax" time="0.000"/>
	<testcase classname="TestPVUnits" name="test_interest_units" time="0.000"/>
	<testcase classname="TestPVUnits" name="test_log_info_tags" time="0.000"/>
	<testcase classname="TestPVUnits" name="test_multiple_properties_on_pvs" time="0.000"/>
	<testcase classname="TestPVUnits" name="test_multiple_pvs_warning" time="0.000"/>
	<testcase classname="TestPVUnits" name="test_units_valid" time="0.000"/>
	<testcase classname="TestPVUnits" name="test_desc_length" time="0.000"/>
	<testcase classname="TestPVUnits" name="test_interest_calc_readonly" time="0.000"/>
	<testcase classname="TestPVUnits" name="test_interest_descriptions" time="0.000"/>
	<testcase classname="TestPVUnits" name="test_interest_syntax" time="0.001"/>
	<testcase classname="TestPVUnits" name="test_interest_units" time="0.000"/>
	<testcase classname="TestPVUnits" name="test_log_info_tags" time="0.000"/>
	<testcase classname="TestPVUnits" name="test_multiple_properties_on_pvs" time="0.000"/>
	<testcase classname="TestPVUnits" name="test_multiple_pvs_warning" time="0.000"/>
	<testcase classname="TestPVUnits" name="test_units_valid" time="0.000"/>
	<testcase classname="TestPVUnits" name="test_desc_length" time="0.000"/>
	<testcase classname="TestPVUnits" name="test_interest_calc_readonly" time="0.000"/>
	<testcase classname="TestPVUnits" name="test_interest_descriptions" time="0.000"/>
	<testcase classname="TestPVUnits" name="test_interest_syntax" time="0.000"/>
	<testcase classname="TestPVUnits" name="test_interest_units" time="0.000"/>
	<testcase classname="TestPVUnits" name="test_log_info_tags" time="0.000"/>
	<testcase classname="TestPVUnits" name="test_multiple_properties_on_pvs" time="0.001"/>
	<testcase classname="TestPVUnits" name="test_multiple_pvs_warning" time="0.000"/>
	<testcase classname="TestPVUnits" name="test_units_valid" time="0.000"/>
	<testcase classname="TestPVUnits" name="test_desc_length" time="0.000"/>
	<testcase classname="TestPVUnits" name="test_interest_calc_readonly" time="0.000"/>
	<testcase classname="TestPVUnits" name="test_interest_descriptions" time="0.000"/>
	<testcase classname="TestPVUnits" name="test_interest_syntax" time="0.000"/>
	<testcase classname="TestPVUnits" name="test_interest_units" time="0.000"/>
	<testcase classname="TestPVUnits" name="test_log_info_tags" time="0.000"/>
	<testcase classname="TestPVUnits" name="test_multiple_properties_on_pvs" time="0.000"/>
	<testcase classname="TestPVUnits" name="test_multiple_pvs_warning" time="0.000"/>
	<testcase classname="TestPVUnits" name="test_units_valid" time="0.000"/>
	<testcase classname="TestPVUnits" name="test_desc_length" time="0.000"/>
	<testcase classname="TestPVUnits" name="test_interest_calc_readonly" time="0.000"/>
	<testcase classname="TestPVUnits" name="test_interest_descriptions" time="0.000"/>
	<testcase classname="TestPVUnits" name="test_interest_syntax" time="0.000"/>
	<testcase classname="TestPVUnits" name="test_interest_units" time="0.000"/>
	<testcase classname="TestPVUnits" name="test_log_info_tags" time="0.000"/>
	<testcase classname="TestPVUnits" name="test_multiple_properties_on_pvs" time="0.000"/>
	<testcase classname="TestPVUnits" name="test_multiple_pvs_warning" time="0.000"/>
	<testcase classname="TestPVUnits" name="test_units_valid" time="0.000"/>
	<testcase classname="TestPVUnits" name="test_desc_length" time="0.000"/>
	<testcase classname="TestPVUnits" name="test_interest_calc_readonly" time="0.000"/>
	<testcase classname="TestPVUnits" name="test_interest_descriptions" time="0.000"/>
	<testcase classname="TestPVUnits" name="test_interest_syntax" time="0.000"/>
	<testcase classname="TestPVUnits" name="test_interest_units" time="0.000"/>
	<testcase classname="TestPVUnits" name="test_log_info_tags" time="0.000"/>
	<testcase classname="TestPVUnits" name="test_multiple_properties_on_pvs" time="0.000"/>
	<testcase classname="TestPVUnits" name="test_multiple_pvs_warning" time="0.000"/>
	<testcase classname="TestPVUnits" name="test_units_valid" time="0.000"/>
	<testcase classname="TestPVUnits" name="test_desc_length" time="0.000"/>
	<testcase classname="TestPVUnits" name="test_interest_calc_readonly" time="0.000"/>
	<testcase classname="TestPVUnits" name="test_interest_descriptions" time="0.000"/>
	<testcase classname="TestPVUnits" name="test_interest_syntax" time="0.000"/>
	<testcase classname="TestPVUnits" name="test_interest_units" time="0.000"/>
	<testcase classname="TestPVUnits" name="test_log_info_tags" time="0.000"/>
	<testcase classname="TestPVUnits" name="test_multiple_properties_on_pvs" time="0.000"/>
	<testcase classname="TestPVUnits" name="test_multiple_pvs_warning" time="0.000"/>
	<testcase classname="TestPVUnits" name="test_units_valid" time="0.000"/>
	<testcase classname="TestPVUnits" name="test_desc_length" time="0.000"/>
	<testcase classname="TestPVUnits" name="test_interest_calc_readonly" time="0.000"/>
	<testcase classname="TestPVUnits" name="test_interest_descriptions" time="0.000"/>
	<testcase classname="TestPVUnits" name="test_interest_syntax" time="0.000"/>
	<testcase classname="TestPVUnits" name="test_interest_units" time="0.000"/>
	<testcase classname="TestPVUnits" name="test_log_info_tags" time="0.000"/>
	<testcase classname="TestPVUnits" name="test_multiple_properties_on_pvs" time="0.000"/>
	<testcase classname="TestPVUnits" name="test_multiple_pvs_warning" time="0.000"/>
	<testcase classname="TestPVUnits" name="test_units_valid" time="0.000"/>
	<testcase classname="TestPVUnits" name="test_desc_length" time="0.000"/>
	<testcase classname="TestPVUnits" name="test_interest_calc_readonly" time="0.000"/>
	<testcase classname="TestPVUnits" name="test_interest_descriptions" time="0.000"/>
	<testcase classname="TestPVUnits" name="test_interest_syntax" time="0.000"/>
	<testcase classname="TestPVUnits" name="test_interest_units" time="0.000"/>
	<testcase classname="TestPVUnits" name="test_log_info_tags" time="0.000"/>
	<testcase classname="TestPVUnits" name="test_multiple_properties_on_pvs" time="0.000"/>
	<testcase classname="TestPVUnits" name="test_multiple_pvs_warning" time="0.000"/>
	<testcase classname="TestPVUnits" name="test_units_valid" time="0.000"/>
	<testcase classname="TestPVUnits" name="test_desc_length" time="0.000"/>
	<testcase classname="TestPVUnits" name="test_interest_calc_readonly" time="0.000"/>
	<testcase classname="TestPVUnits" name="test_interest_descriptions" time="0.000"/>
	<testcase classname="TestPVUnits" name="test_interest_syntax" time="0.000"/>
	<testcase classname="TestPVUnits" name="test_interest_units" time="0.001"/>
	<testcase classname="TestPVUnits" name="test_log_info_tags" time="0.000"/>
	<testcase classname="TestPVUnits" name="test_multiple_properties_on_pvs" time="0.000"/>
	<testcase classname="TestPVUnits" name="test_multiple_pvs_warning" time="0.001"/>
	<testcase classname="TestPVUnits" name="test_units_valid" time="0.000"/>
	<testcase classname="TestPVUnits" name="test_desc_length" time="0.001"/>
	<testcase classname="TestPVUnits" name="test_interest_calc_readonly" time="0.000"/>
	<testcase classname="TestPVUnits" name="test_interest_descriptions" time="0.000"/>
	<testcase classname="TestPVUnits" name="test_interest_syntax" time="0.000"/>
	<testcase classname="TestPVUnits" name="test_interest_units" time="0.000"/>
	<testcase classname="TestPVUnits" name="test_log_info_tags" time="0.001"/>
	<testcase classname="TestPVUnits" name="test_multiple_properties_on_pvs" time="0.000"/>
	<testcase classname="TestPVUnits" name="test_multiple_pvs_warning" time="0.000"/>
	<testcase classname="TestPVUnits" name="test_units_valid" time="0.000"/>
	<testcase classname="TestPVUnits" name="test_desc_length" time="0.000"/>
	<testcase classname="TestPVUnits" name="test_interest_calc_readonly" time="0.000"/>
	<testcase classname="TestPVUnits" name="test_interest_descriptions" time="0.000"/>
	<testcase classname="TestPVUnits" name="test_interest_syntax" time="0.000"/>
	<testcase classname="TestPVUnits" name="test_interest_units" time="0.000"/>
	<testcase classname="TestPVUnits" name="test_log_info_tags" time="0.000"/>
	<testcase classname="TestPVUnits" name="test_multiple_properties_on_pvs" time="0.000"/>
	<testcase classname="TestPVUnits" name="test_multiple_pvs_warning" time="0.000"/>
	<testcase classname="TestPVUnits" name="test_units_valid" time="0.000"/>
	<testcase classname="TestPVUnits" name="test_desc_length" time="0.000"/>
	<testcase classname="TestPVUnits" name="test_interest_calc_readonly" time="0.000"/>
	<testcase classname="TestPVUnits" name="test_interest_descriptions" time="0.000"/>
	<testcase classname="TestPVUnits" name="test_interest_syntax" time="0.000"/>
	<testcase classname="TestPVUnits" name="test_interest_units" time="0.000"/>
	<testcase classname="TestPVUnits" name="test_log_info_tags" time="0.001"/>
	<testcase classname="TestPVUnits" name="test_multiple_properties_on_pvs" time="0.000"/>
	<testcase classname="TestPVUnits" name="test_multiple_pvs_warning" time="0.000"/>
	<testcase classname="TestPVUnits" name="test_units_valid" time="0.000"/>
	<testcase classname="TestPVUnits" name="test_desc_length" time="0.000"/>
	<testcase classname="TestPVUnits" name="test_interest_calc_readonly" time="0.000"/>
	<testcase classname="TestPVUnits" name="test_interest_descriptions" time="0.000"/>
	<testcase classname="TestPVUnits" name="test_interest_syntax" time="0.000"/>
	<testcase classname="TestPVUnits" name="test_interest_units" time="0.000"/>
	<testcase classname="TestPVUnits" name="test_log_info_tags" time="0.000"/>
	<testcase classname="TestPVUnits" name="test_multiple_properties_on_pvs" time="0.000"/>
	<testcase classname="TestPVUnits" name="test_multiple_pvs_warning" time="0.000"/>
	<testcase classname="TestPVUnits" name="test_units_valid" time="0.001"/>
	<testcase classname="TestPVUnits" name="test_desc_length" time="0.000"/>
	<testcase classname="TestPVUnits" name="test_interest_calc_readonly" time="0.000"/>
	<testcase classname="TestPVUnits" name="test_interest_descriptions" time="0.000"/>
	<testcase classname="TestPVUnits" name="test_interest_syntax" time="0.000"/>
	<testcase classname="TestPVUnits" name="test_interest_units" time="0.000"/>
	<testcase classname="TestPVUnits" name="test_log_info_tags" time="0.000"/>
	<testcase classname="TestPVUnits" name="test_multiple_properties_on_pvs" time="0.000"/>
	<testcase classname="TestPVUnits" name="test_multiple_pvs_warning" time="0.000"/>
	<testcase classname="TestPVUnits" name="test_units_valid" time="0.000"/>
	<testcase classname="TestPVUnits" name="test_desc_length" time="0.000"/>
	<testcase classname="TestPVUnits" name="test_interest_calc_readonly" time="0.000"/>
	<testcase classname="TestPVUnits" name="test_interest_descriptions" time="0.000"/>
	<testcase classname="TestPVUnits" name="test_interest_syntax" time="0.000"/>
	<testcase classname="TestPVUnits" name="test_interest_units" time="0.001"/>
	<testcase classname="TestPVUnits" name="test_log_info_tags" time="0.000"/>
	<testcase classname="TestPVUnits" name="test_multiple_properties_on_pvs" time="0.000"/>
	<testcase classname="TestPVUnits" name="test_multiple_pvs_warning" time="0.000"/>
	<testcase classname="TestPVUnits" name="test_units_valid" time="0.000"/>
	<testcase classname="TestPVUnits" name="test_desc_length" time="0.000"/>
	<testcase classname="TestPVUnits" name="test_interest_calc_readonly" time="0.000"/>
	<testcase classname="TestPVUnits" name="test_interest_descriptions" time="0.000"/>
	<testcase classname="TestPVUnits" name="test_interest_syntax" time="0.000"/>
	<testcase classname="TestPVUnits" name="test_interest_units" time="0.000"/>
	<testcase classname="TestPVUnits" name="test_log_info_tags" time="0.000"/>
	<testcase classname="TestPVUnits" name="test_multiple_properties_on_pvs" time="0.000"/>
	<testcase classname="TestPVUnits" name="test_multiple_pvs_warning" time="0.000"/>
	<testcase classname="TestPVUnits" name="test_units_valid" time="0.000"/>
	<testcase classname="TestPVUnits" name="test_desc_length" time="0.000"/>
	<testcase classname="TestPVUnits" name="test_interest_calc_readonly" time="0.000"/>
	<testcase classname="TestPVUnits" name="test_interest_descriptions" time="0.000"/>
	<testcase classname="TestPVUnits" name="test_interest_syntax" time="0.000"/>
	<testcase classname="TestPVUnits" name="test_interest_units" time="0.000"/>
	<testcase classname="TestPVUnits" name="test_log_info_tags" time="0.000"/>
	<testcase classname="TestPVUnits" name="test_multiple_properties_on_pvs" time="0.000"/>
	<testcase classname="TestPVUnits" name="test_multiple_pvs_warning" time="0.000"/>
	<testcase classname="TestPVUnits" name="test_units_valid" time="0.001"/>
	<testcase classname="TestPVUnits" name="test_desc_length" time="0.000"/>
	<testcase classname="TestPVUnits" name="test_interest_calc_readonly" time="0.000"/>
	<testcase classname="TestPVUnits" name="test_interest_descriptions" time="0.000"/>
	<testcase classname="TestPVUnits" name="test_interest_syntax" time="0.000"/>
	<testcase classname="TestPVUnits" name="test_interest_units" time="0.000"/>
	<testcase classname="TestPVUnits" name="test_log_info_tags" time="0.000"/>
	<testcase classname="TestPVUnits" name="test_multiple_properties_on_pvs" time="0.000"/>
	<testcase classname="TestPVUnits" name="test_multiple_pvs_warning" time="0.000"/>
	<testcase classname="TestPVUnits" name="test_units_valid" time="0.000"/>
	<testcase classname="TestPVUnits" name="test_desc_length" time="0.000"/>
	<testcase classname="TestPVUnits" name="test_interest_calc_readonly" time="0.000"/>
	<testcase classname="TestPVUnits" name="test_interest_descriptions" time="0.000"/>
	<testcase classname="TestPVUnits" name="test_interest_syntax" time="0.000"/>
	<testcase classname="TestPVUnits" name="test_interest_units" time="0.000"/>
	<testcase classname="TestPVUnits" name="test_log_info_tags" time="0.000"/>
	<testcase classname="TestPVUnits" name="test_multiple_properties_on_pvs" time="0.000"/>
	<testcase classname="TestPVUnits" name="test_multiple_pvs_warning" time="0.000"/>
	<testcase classname="TestPVUnits" name="test_units_valid" time="0.000"/>
	<testcase classname="TestPVUnits" name="test_desc_length" time="0.000"/>
	<testcase classname="TestPVUnits" name="test_interest_calc_readonly" time="0.000"/>
	<testcase classname="TestPVUnits" name="test_interest_descriptions" time="0.000"/>
	<testcase classname="TestPVUnits" name="test_interest_syntax" time="0.000"/>
	<testcase classname="TestPVUnits" name="test_interest_units" time="0.000"/>
	<testcase classname="TestPVUnits" name="test_log_info_tags" time="0.000"/>
	<testcase classname="TestPVUnits" name="test_multiple_properties_on_pvs" time="0.000"/>
	<testcase classname="TestPVUnits" name="test_multiple_pvs_warning" time="0.000"/>
	<testcase classname="TestPVUnits" name="test_units_valid" time="0.000"/>
	<testcase classname="TestPVUnits" name="test_desc_length" time="0.000"/>
	<testcase classname="TestPVUnits" name="test_interest_calc_readonly" time="0.000"/>
	<testcase classname="TestPVUnits" name="test_interest_descriptions" time="0.000"/>
	<testcase classname="TestPVUnits" name="test_interest_syntax" time="0.000"/>
	<testcase classname="TestPVUnits" name="test_interest_units" time="0.000"/>
	<testcase classname="TestPVUnits" name="test_log_info_tags" time="0.000"/>
	<testcase classname="TestPVUnits" name="test_multiple_properties_on_pvs" time="0.000"/>
	<testcase classname="TestPVUnits" name="test_multiple_pvs_warning" time="0.000"/>
	<testcase classname="TestPVUnits" name="test_units_valid" time="0.000"/>
	<testcase classname="TestPVUnits" name="test_desc_length" time="0.001"/>
	<testcase classname="TestPVUnits" name="test_interest_calc_readonly" time="0.000"/>
	<testcase classname="TestPVUnits" name="test_interest_descriptions" time="0.000"/>
	<testcase classname="TestPVUnits" name="test_interest_syntax" time="0.000"/>
	<testcase classname="TestPVUnits" name="test_interest_units" time="0.000"/>
	<testcase classname="TestPVUnits" name="test_log_info_tags" time="0.000"/>
	<testcase classname="TestPVUnits" name="test_multiple_properties_on_pvs" time="0.000"/>
	<testcase classname="TestPVUnits" name="test_multiple_pvs_warning" time="0.000"/>
	<testcase classname="TestPVUnits" name="test_units_valid" time="0.000"/>
	<testcase classname="TestPVUnits" name="test_desc_length" time="0.000"/>
	<testcase classname="TestPVUnits" name="test_interest_calc_readonly" time="0.000"/>
	<testcase classname="TestPVUnits" name="test_interest_descriptions" time="0.000"/>
	<testcase classname="TestPVUnits" name="test_interest_syntax" time="0.001"/>
	<testcase classname="TestPVUnits" name="test_interest_units" time="0.000"/>
	<testcase classname="TestPVUnits" name="test_log_info_tags" time="0.000"/>
	<testcase classname="TestPVUnits" name="test_multiple_properties_on_pvs" time="0.000"/>
	<testcase classname="TestPVUnits" name="test_multiple_pvs_warning" time="0.000"/>
	<testcase classname="TestPVUnits" name="test_units_valid" time="0.000"/>
	<testcase classname="TestPVUnits" name="test_desc_length" time="0.000"/>
	<testcase classname="TestPVUnits" name="test_interest_calc_readonly" time="0.000"/>
	<testcase classname="TestPVUnits" name="test_interest_descriptions" time="0.000"/>
	<testcase classname="TestPVUnits" name="test_interest_syntax" time="0.000"/>
	<testcase classname="TestPVUnits" name="test_interest_units" time="0.001"/>
	<testcase classname="TestPVUnits" name="test_log_info_tags" time="0.000"/>
	<testcase classname="TestPVUnits" name="test_multiple_properties_on_pvs" time="0.001"/>
	<testcase classname="TestPVUnits" name="test_multiple_pvs_warning" time="0.000"/>
	<testcase classname="TestPVUnits" name="test_units_valid" time="0.000"/>
	<testcase classname="TestPVUnits" name="test_desc_length" time="0.000"/>
	<testcase classname="TestPVUnits" name="test_interest_calc_readonly" time="0.000"/>
	<testcase classname="TestPVUnits" name="test_interest_descriptions" time="0.000"/>
	<testcase classname="TestPVUnits" name="test_interest_syntax" time="0.000"/>
	<testcase classname="TestPVUnits" name="test_interest_units" time="0.001"/>
	<testcase classname="TestPVUnits" name="test_log_info_tags" time="0.000"/>
	<testcase classname="TestPVUnits" name="test_multiple_properties_on_pvs" time="0.000"/>
	<testcase classname="TestPVUnits" name="test_multiple_pvs_warning" time="0.000"/>
	<testcase classname="TestPVUnits" name="test_units_valid" time="0.000"/>
	<testcase classname="TestPVUnits" name="test_desc_length" time="0.000"/>
	<testcase classname="TestPVUnits" name="test_interest_calc_readonly" time="0.000"/>
	<testcase classname="TestPVUnits" name="test_interest_descriptions" time="0.000"/>
	<testcase classname="TestPVUnits" name="test_interest_syntax" time="0.000"/>
	<testcase classname="TestPVUnits" name="test_interest_units" time="0.000"/>
	<testcase classname="TestPVUnits" name="test_log_info_tags" time="0.000"/>
	<testcase classname="TestPVUnits" name="test_multiple_pvs_warning" time="0.000"/>
	<testcase classname="TestPVUnits" name="test_units_valid" time="0.000"/>
	<testcase classname="TestPVUnits" name="test_desc_length" time="0.000"/>
	<testcase classname="TestPVUnits" name="test_interest_calc_readonly" time="0.000"/>
	<testcase classname="TestPVUnits" name="test_interest_descriptions" time="0.000"/>
	<testcase classname="TestPVUnits" name="test_interest_syntax" time="0.001"/>
	<testcase classname="TestPVUnits" name="test_interest_units" time="0.000"/>
	<testcase classname="TestPVUnits" name="test_log_info_tags" time="0.000"/>
	<testcase classname="TestPVUnits" name="test_multiple_properties_on_pvs" time="0.000"/>
	<testcase classname="TestPVUnits" name="test_multiple_pvs_warning" time="0.000"/>
	<testcase classname="TestPVUnits" name="test_units_valid" time="0.000"/>
	<testcase classname="TestPVUnits" name="test_desc_length" time="0.000"/>
	<testcase classname="TestPVUnits" name="test_interest_calc_readonly" time="0.000"/>
	<testcase classname="TestPVUnits" name="test_interest_descriptions" time="0.001"/>
	<testcase classname="TestPVUnits" name="test_interest_syntax" time="0.000"/>
	<testcase classname="TestPVUnits" name="test_interest_units" time="0.000"/>
	<testcase classname="TestPVUnits" name="test_log_info_tags" time="0.000"/>
	<testcase classname="TestPVUnits" name="test_multiple_properties_on_pvs" time="0.000"/>
	<testcase classname="TestPVUnits" name="test_multiple_pvs_warning" time="0.000"/>
	<testcase classname="TestPVUnits" name="test_units_valid" time="0.000"/>
	<testcase classname="TestPVUnits" name="test_desc_length" time="0.000"/>
	<testcase classname="TestPVUnits" name="test_interest_calc_readonly" time="0.000"/>
	<testcase classname="TestPVUnits" name="test_interest_descriptions" time="0.000"/>
	<testcase classname="TestPVUnits" name="test_interest_syntax" time="0.000"/>
	<testcase classname="TestPVUnits" name="test_interest_units" time="0.000"/>
	<testcase classname="TestPVUnits" name="test_log_info_tags" time="0.000"/>
	<testcase classname="TestPVUnits" name="test_multiple_pvs_warning" time="0.000"/>
	<testcase classname="TestPVUnits" name="test_units_valid" time="0.000"/>
	<testcase classname="TestPVUnits" name="test_desc_length" time="0.000"/>
	<testcase classname="TestPVUnits" name="test_interest_calc_readonly" time="0.000"/>
	<testcase classname="TestPVUnits" name="test_interest_descriptions" time="0.000"/>
	<testcase classname="TestPVUnits" name="test_interest_syntax" time="0.000"/>
	<testcase classname="TestPVUnits" name="test_interest_units" time="0.000"/>
	<testcase classname="TestPVUnits" name="test_log_info_tags" time="0.000"/>
	<testcase classname="TestPVUnits" name="test_multiple_properties_on_pvs" time="0.000"/>
	<testcase classname="TestPVUnits" name="test_multiple_pvs_warning" time="0.000"/>
	<testcase classname="TestPVUnits" name="test_units_valid" time="0.000"/>
	<testcase classname="TestPVUnits" name="test_desc_length" time="0.001"/>
	<testcase classname="TestPVUnits" name="test_interest_calc_readonly" time="0.000"/>
	<testcase classname="TestPVUnits" name="test_interest_descriptions" time="0.000"/>
	<testcase classname="TestPVUnits" name="test_interest_syntax" time="0.000"/>
	<testcase classname="TestPVUnits" name="test_interest_units" time="0.000"/>
	<testcase classname="TestPVUnits" name="test_log_info_tags" time="0.000"/>
	<testcase classname="TestPVUnits" name="test_multiple_properties_on_pvs" time="0.000"/>
	<testcase classname="TestPVUnits" name="test_multiple_pvs_warning" time="0.001"/>
	<testcase classname="TestPVUnits" name="test_units_valid" time="0.000"/>
	<testcase classname="TestPVUnits" name="test_desc_length" time="0.000"/>
	<testcase classname="TestPVUnits" name="test_interest_calc_readonly" time="0.000"/>
	<testcase classname="TestPVUnits" name="test_interest_descriptions" time="0.000"/>
	<testcase classname="TestPVUnits" name="test_interest_syntax" time="0.000"/>
	<testcase classname="TestPVUnits" name="test_interest_units" time="0.000"/>
	<testcase classname="TestPVUnits" name="test_log_info_tags" time="0.000"/>
	<testcase classname="TestPVUnits" name="test_multiple_properties_on_pvs" time="0.000"/>
	<testcase classname="TestPVUnits" name="test_multiple_pvs_warning" time="0.000"/>
	<testcase classname="TestPVUnits" name="test_units_valid" time="0.000"/>
	<testcase classname="TestPVUnits" name="test_desc_length" time="0.000"/>
	<testcase classname="TestPVUnits" name="test_interest_calc_readonly" time="0.000"/>
	<testcase classname="TestPVUnits" name="test_interest_descriptions" time="0.000"/>
	<testcase classname="TestPVUnits" name="test_interest_syntax" time="0.000"/>
	<testcase classname="TestPVUnits" name="test_interest_units" time="0.000"/>
	<testcase classname="TestPVUnits" name="test_log_info_tags" time="0.000"/>
	<testcase classname="TestPVUnits" name="test_multiple_properties_on_pvs" time="0.000"/>
	<testcase classname="TestPVUnits" name="test_multiple_pvs_warning" time="0.000"/>
	<testcase classname="TestPVUnits" name="test_units_valid" time="0.000"/>
	<testcase classname="TestPVUnits" name="test_desc_length" time="0.000"/>
	<testcase classname="TestPVUnits" name="test_interest_calc_readonly" time="0.000"/>
	<testcase classname="TestPVUnits" name="test_interest_descriptions" time="0.000"/>
	<testcase classname="TestPVUnits" name="test_interest_syntax" time="0.000"/>
	<testcase classname="TestPVUnits" name="test_interest_units" time="0.000"/>
	<testcase classname="TestPVUnits" name="test_log_info_tags" time="0.000"/>
	<testcase classname="TestPVUnits" name="test_multiple_properties_on_pvs" time="0.000"/>
	<testcase classname="TestPVUnits" name="test_multiple_pvs_warning" time="0.000"/>
	<testcase classname="TestPVUnits" name="test_units_valid" time="0.000"/>
	<testcase classname="TestPVUnits" name="test_desc_length" time="0.000"/>
	<testcase classname="TestPVUnits" name="test_interest_calc_readonly" time="0.000"/>
	<testcase classname="TestPVUnits" name="test_interest_descriptions" time="0.000"/>
	<testcase classname="TestPVUnits" name="test_interest_syntax" time="0.000"/>
	<testcase classname="TestPVUnits" name="test_interest_units" time="0.000"/>
	<testcase classname="TestPVUnits" name="test_log_info_tags" time="0.000"/>
	<testcase classname="TestPVUnits" name="test_multiple_properties_on_pvs" time="0.001"/>
	<testcase classname="TestPVUnits" name="test_multiple_pvs_warning" time="0.000"/>
	<testcase classname="TestPVUnits" name="test_units_valid" time="0.000"/>
	<testcase classname="TestPVUnits" name="test_desc_length" time="0.001"/>
	<testcase classname="TestPVUnits" name="test_interest_calc_readonly" time="0.000"/>
	<testcase classname="TestPVUnits" name="test_interest_descriptions" time="0.001"/>
	<testcase classname="TestPVUnits" name="test_interest_syntax" time="0.001"/>
	<testcase classname="TestPVUnits" name="test_interest_units" time="0.000"/>
	<testcase classname="TestPVUnits" name="test_log_info_tags" time="0.000"/>
	<testcase classname="TestPVUnits" name="test_multiple_properties_on_pvs" time="0.001"/>
	<testcase classname="TestPVUnits" name="test_multiple_pvs_warning" time="0.000"/>
	<testcase classname="TestPVUnits" name="test_units_valid" time="0.000"/>
	<testcase classname="TestPVUnits" name="test_desc_length" time="0.001"/>
	<testcase classname="TestPVUnits" name="test_interest_calc_readonly" time="0.000"/>
	<testcase classname="TestPVUnits" name="test_interest_descriptions" time="0.000"/>
	<testcase classname="TestPVUnits" name="test_interest_syntax" time="0.000"/>
	<testcase classname="TestPVUnits" name="test_interest_units" time="0.000"/>
	<testcase classname="TestPVUnits" name="test_log_info_tags" time="0.000"/>
	<testcase classname="TestPVUnits" name="test_multiple_properties_on_pvs" time="0.000"/>
	<testcase classname="TestPVUnits" name="test_multiple_pvs_warning" time="0.000"/>
	<testcase classname="TestPVUnits" name="test_units_valid" time="0.000"/>
	<testcase classname="TestPVUnits" name="test_desc_length" time="0.000"/>
	<testcase classname="TestPVUnits" name="test_interest_calc_readonly" time="0.000"/>
	<testcase classname="TestPVUnits" name="test_interest_descriptions" time="0.000"/>
	<testcase classname="TestPVUnits" name="test_interest_syntax" time="0.000"/>
	<testcase classname="TestPVUnits" name="test_interest_units" time="0.000"/>
	<testcase classname="TestPVUnits" name="test_log_info_tags" time="0.001"/>
	<testcase classname="TestPVUnits" name="test_multiple_properties_on_pvs" time="0.000"/>
	<testcase classname="TestPVUnits" name="test_multiple_pvs_warning" time="0.000"/>
	<testcase classname="TestPVUnits" name="test_units_valid" time="0.000"/>
	<testcase classname="TestPVUnits" name="test_desc_length" time="0.000"/>
	<testcase classname="TestPVUnits" name="test_interest_calc_readonly" time="0.000"/>
	<testcase classname="TestPVUnits" name="test_interest_descriptions" time="0.000"/>
	<testcase classname="TestPVUnits" name="test_interest_syntax" time="0.000"/>
	<testcase classname="TestPVUnits" name="test_interest_units" time="0.000"/>
	<testcase classname="TestPVUnits" name="test_log_info_tags" time="0.000"/>
	<testcase classname="TestPVUnits" name="test_multiple_properties_on_pvs" time="0.000"/>
	<testcase classname="TestPVUnits" name="test_multiple_pvs_warning" time="0.000"/>
	<testcase classname="TestPVUnits" name="test_units_valid" time="0.000"/>
	<testcase classname="TestPVUnits" name="test_desc_length" time="0.000"/>
	<testcase classname="TestPVUnits" name="test_interest_calc_readonly" time="0.000"/>
	<testcase classname="TestPVUnits" name="test_interest_descriptions" time="0.000"/>
	<testcase classname="TestPVUnits" name="test_interest_syntax" time="0.000"/>
	<testcase classname="TestPVUnits" name="test_interest_units" time="0.000"/>
	<testcase classname="TestPVUnits" name="test_log_info_tags" time="0.000"/>
	<testcase classname="TestPVUnits" name="test_multiple_properties_on_pvs" time="0.000"/>
	<testcase classname="TestPVUnits" name="test_multiple_pvs_warning" time="0.000"/>
	<testcase classname="TestPVUnits" name="test_units_valid" time="0.000"/>
	<testcase classname="TestPVUnits" name="test_desc_length" time="0.000"/>
	<testcase classname="TestPVUnits" name="test_interest_calc_readonly" time="0.000"/>
	<testcase classname="TestPVUnits" name="test_interest_descriptions" time="0.000"/>
	<testcase classname="TestPVUnits" name="test_interest_syntax" time="0.000"/>
	<testcase classname="TestPVUnits" name="test_interest_units" time="0.000"/>
	<testcase classname="TestPVUnits" name="test_log_info_tags" time="0.000"/>
	<testcase classname="TestPVUnits" name="test_multiple_properties_on_pvs" time="0.000"/>
	<testcase classname="TestPVUnits" name="test_multiple_pvs_warning" time="0.000"/>
	<testcase classname="TestPVUnits" name="test_units_valid" time="0.000"/>
	<testcase classname="TestPVUnits" name="test_desc_length" time="0.000"/>
	<testcase classname="TestPVUnits" name="test_interest_calc_readonly" time="0.000"/>
	<testcase classname="TestPVUnits" name="test_interest_descriptions" time="0.000"/>
	<testcase classname="TestPVUnits" name="test_interest_syntax" time="0.000"/>
	<testcase classname="TestPVUnits" name="test_interest_units" time="0.000"/>
	<testcase classname="TestPVUnits" name="test_log_info_tags" time="0.000"/>
	<testcase classname="TestPVUnits" name="test_multiple_properties_on_pvs" time="0.001"/>
	<testcase classname="TestPVUnits" name="test_multiple_pvs_warning" time="0.000"/>
	<testcase classname="TestPVUnits" name="test_units_valid" time="0.000"/>
	<testcase classname="TestPVUnits" name="test_desc_length" time="0.000"/>
	<testcase classname="TestPVUnits" name="test_interest_calc_readonly" time="0.000"/>
	<testcase classname="TestPVUnits" name="test_interest_descriptions" time="0.000"/>
	<testcase classname="TestPVUnits" name="test_interest_syntax" time="0.000"/>
	<testcase classname="TestPVUnits" name="test_interest_units" time="0.000"/>
	<testcase classname="TestPVUnits" name="test_log_info_tags" time="0.000"/>
	<testcase classname="TestPVUnits" name="test_multiple_properties_on_pvs" time="0.000"/>
	<testcase classname="TestPVUnits" name="test_multiple_pvs_warning" time="0.000"/>
	<testcase classname="TestPVUnits" name="test_units_valid" time="0.000"/>
	<testcase classname="TestPVUnits" name="test_desc_length" time="0.000"/>
	<testcase classname="TestPVUnits" name="test_interest_calc_readonly" time="0.000"/>
	<testcase classname="TestPVUnits" name="test_interest_descriptions" time="0.000"/>
	<testcase classname="TestPVUnits" name="test_interest_syntax" time="0.000"/>
	<testcase classname="TestPVUnits" name="test_interest_units" time="0.000"/>
	<testcase classname="TestPVUnits" name="test_log_info_tags" time="0.000"/>
	<testcase classname="TestPVUnits" name="test_multiple_properties_on_pvs" time="0.000"/>
	<testcase classname="TestPVUnits" name="test_multiple_pvs_warning" time="0.000"/>
	<testcase classname="TestPVUnits" name="test_units_valid" time="0.000"/>
	<testcase classname="TestPVUnits" name="test_desc_length" time="0.000"/>
	<testcase classname="TestPVUnits" name="test_interest_calc_readonly" time="0.000"/>
	<testcase classname="TestPVUnits" name="test_interest_descriptions" time="0.000"/>
	<testcase classname="TestPVUnits" name="test_interest_syntax" time="0.000"/>
	<testcase classname="TestPVUnits" name="test_interest_units" time="0.000"/>
	<testcase classname="TestPVUnits" name="test_log_info_tags" time="0.000"/>
	<testcase classname="TestPVUnits" name="test_multiple_properties_on_pvs" time="0.000"/>
	<testcase classname="TestPVUnits" name="test_multiple_pvs_warning" time="0.000"/>
	<testcase classname="TestPVUnits" name="test_units_valid" time="0.000"/>
	<testcase classname="TestPVUnits" name="test_desc_length" time="0.000"/>
	<testcase classname="TestPVUnits" name="test_interest_calc_readonly" time="0.000"/>
	<testcase classname="TestPVUnits" name="test_interest_descriptions" time="0.000"/>
	<testcase classname="TestPVUnits" name="test_interest_syntax" time="0.000"/>
	<testcase classname="TestPVUnits" name="test_interest_units" time="0.000"/>
	<testcase classname="TestPVUnits" name="test_log_info_tags" time="0.000"/>
	<testcase classname="TestPVUnits" name="test_multiple_properties_on_pvs" time="0.000"/>
	<testcase classname="TestPVUnits" name="test_multiple_pvs_warning" time="0.000"/>
	<testcase classname="TestPVUnits" name="test_units_valid" time="0.000"/>
	<testcase classname="TestPVUnits" name="test_desc_length" time="0.000"/>
	<testcase classname="TestPVUnits" name="test_interest_calc_readonly" time="0.000"/>
	<testcase classname="TestPVUnits" name="test_interest_descriptions" time="0.000"/>
	<testcase classname="TestPVUnits" name="test_interest_syntax" time="0.000"/>
	<testcase classname="TestPVUnits" name="test_interest_units" time="0.000"/>
	<testcase classname="TestPVUnits" name="test_log_info_tags" time="0.000"/>
	<testcase classname="TestPVUnits" name="test_multiple_properties_on_pvs" time="0.000"/>
	<testcase classname="TestPVUnits" name="test_multiple_pvs_warning" time="0.000"/>
	<testcase classname="TestPVUnits" name="test_units_valid" time="0.000"/>
	<testcase classname="TestPVUnits" name="test_desc_length" time="0.000"/>
	<testcase classname="TestPVUnits" name="test_interest_calc_readonly" time="0.000"/>
	<testcase classname="TestPVUnits" name="test_interest_descriptions" time="0.000"/>
	<testcase classname="TestPVUnits" name="test_interest_syntax" time="0.000"/>
	<testcase classname="TestPVUnits" name="test_interest_units" time="0.000"/>
	<testcase classname="TestPVUnits" name="test_log_info_tags" time="0.000"/>
	<testcase classname="TestPVUnits" name="test_multiple_properties_on_pvs" time="0.000"/>
	<testcase classname="TestPVUnits" name="test_multiple_pvs_warning" time="0.000"/>
	<testcase classname="TestPVUnits" name="test_units_valid" time="0.000"/>
	<testcase classname="TestPVUnits" name="test_desc_length" time="0.000"/>
	<testcase classname="TestPVUnits" name="test_interest_calc_readonly" time="0.000"/>
	<testcase classname="TestPVUnits" name="test_interest_descriptions" time="0.000"/>
	<testcase classname="TestPVUnits" name="test_interest_syntax" time="0.000"/>
	<testcase classname="TestPVUnits" name="test_interest_units" time="0.000"/>
	<testcase classname="TestPVUnits" name="test_log_info_tags" time="0.000"/>
	<testcase classname="TestPVUnits" name="test_multiple_properties_on_pvs" time="0.000"/>
	<testcase classname="TestPVUnits" name="test_multiple_pvs_warning" time="0.000"/>
	<testcase classname="TestPVUnits" name="test_units_valid" time="0.000"/>
	<testcase classname="TestPVUnits" name="test_desc_length" time="0.000"/>
	<testcase classname="TestPVUnits" name="test_interest_calc_readonly" time="0.000"/>
	<testcase classname="TestPVUnits" name="test_interest_descriptions" time="0.000"/>
	<testcase classname="TestPVUnits" name="test_interest_syntax" time="0.000"/>
	<testcase classname="TestPVUnits" name="test_interest_units" time="0.000"/>
	<testcase classname="TestPVUnits" name="test_log_info_tags" time="0.000"/>
	<testcase classname="TestPVUnits" name="test_multiple_properties_on_pvs" time="0.000"/>
	<testcase classname="TestPVUnits" name="test_multiple_pvs_warning" time="0.000"/>
	<testcase classname="TestPVUnits" name="test_units_valid" time="0.000"/>
	<testcase classname="TestPVUnits" name="test_desc_length" time="0.000"/>
	<testcase classname="TestPVUnits" name="test_interest_calc_readonly" time="0.000"/>
	<testcase classname="TestPVUnits" name="test_interest_descriptions" time="0.000"/>
	<testcase classname="TestPVUnits" name="test_interest_syntax" time="0.001"/>
	<testcase classname="TestPVUnits" name="test_interest_units" time="0.000"/>
	<testcase classname="TestPVUnits" name="test_log_info_tags" time="0.000"/>
	<testcase classname="TestPVUnits" name="test_multiple_properties_on_pvs" time="0.000"/>
	<testcase classname="TestPVUnits" name="test_multiple_pvs_warning" time="0.000"/>
	<testcase classname="TestPVUnits" name="test_units_valid" time="0.001"/>
	<testcase classname="TestPVUnits" name="test_desc_length" time="0.000"/>
	<testcase classname="TestPVUnits" name="test_interest_calc_readonly" time="0.000"/>
	<testcase classname="TestPVUnits" name="test_interest_descriptions" time="0.001"/>
	<testcase classname="TestPVUnits" name="test_interest_syntax" time="0.000"/>
	<testcase classname="TestPVUnits" name="test_interest_units" time="0.000"/>
	<testcase classname="TestPVUnits" name="test_log_info_tags" time="0.000"/>
	<testcase classname="TestPVUnits" name="test_multiple_properties_on_pvs" time="0.000"/>
	<testcase classname="TestPVUnits" name="test_multiple_pvs_warning" time="0.000"/>
	<testcase classname="TestPVUnits" name="test_units_valid" time="0.000"/>
	<testcase classname="TestPVUnits" name="test_desc_length" time="0.000"/>
	<testcase classname="TestPVUnits" name="test_interest_calc_readonly" time="0.000"/>
	<testcase classname="TestPVUnits" name="test_interest_descriptions" time="0.000"/>
	<testcase classname="TestPVUnits" name="test_interest_syntax" time="0.000"/>
	<testcase classname="TestPVUnits" name="test_interest_units" time="0.000"/>
	<testcase classname="TestPVUnits" name="test_log_info_tags" time="0.000"/>
	<testcase classname="TestPVUnits" name="test_multiple_properties_on_pvs" time="0.000"/>
	<testcase classname="TestPVUnits" name="test_multiple_pvs_warning" time="0.000"/>
	<testcase classname="TestPVUnits" name="test_units_valid" time="0.001"/>
	<testcase classname="TestPVUnits" name="test_desc_length" time="0.000"/>
	<testcase classname="TestPVUnits" name="test_interest_calc_readonly" time="0.000"/>
	<testcase classname="TestPVUnits" name="test_interest_descriptions" time="0.000"/>
	<testcase classname="TestPVUnits" name="test_interest_syntax" time="0.000"/>
	<testcase classname="TestPVUnits" name="test_interest_units" time="0.000"/>
	<testcase classname="TestPVUnits" name="test_log_info_tags" time="0.000"/>
	<testcase classname="TestPVUnits" name="test_multiple_properties_on_pvs" time="0.000"/>
	<testcase classname="TestPVUnits" name="test_multiple_pvs_warning" time="0.000"/>
	<testcase classname="TestPVUnits" name="test_units_valid" time="0.000"/>
	<testcase classname="TestPVUnits" name="test_desc_length" time="0.000"/>
	<testcase classname="TestPVUnits" name="test_interest_calc_readonly" time="0.001"/>
	<testcase classname="TestPVUnits" name="test_interest_descriptions" time="0.000"/>
	<testcase classname="TestPVUnits" name="test_interest_syntax" time="0.000"/>
	<testcase classname="TestPVUnits" name="test_interest_units" time="0.000"/>
	<testcase classname="TestPVUnits" name="test_log_info_tags" time="0.000"/>
	<testcase classname="TestPVUnits" name="test_multiple_properties_on_pvs" time="0.000"/>
	<testcase classname="TestPVUnits" name="test_multiple_pvs_warning" time="0.000"/>
	<testcase classname="TestPVUnits" name="test_units_valid" time="0.001"/>
	<testcase classname="TestPVUnits" name="test_desc_length" time="0.000"/>
	<testcase classname="TestPVUnits" name="test_interest_calc_readonly" time="0.000"/>
	<testcase classname="TestPVUnits" name="test_interest_descriptions" time="0.000"/>
	<testcase classname="TestPVUnits" name="test_interest_syntax" time="0.000"/>
	<testcase classname="TestPVUnits" name="test_interest_units" time="0.000"/>
	<testcase classname="TestPVUnits" name="test_log_info_tags" time="0.000"/>
	<testcase classname="TestPVUnits" name="test_multiple_properties_on_pvs" time="0.000"/>
	<testcase classname="TestPVUnits" name="test_units_valid" time="0.001"/>
	<testcase classname="TestPVUnits" name="test_desc_length" time="0.001"/>
	<testcase classname="TestPVUnits" name="test_interest_calc_readonly" time="0.000"/>
	<testcase classname="TestPVUnits" name="test_interest_descriptions" time="0.000"/>
	<testcase classname="TestPVUnits" name="test_interest_syntax" time="0.001"/>
	<testcase classname="TestPVUnits" name="test_interest_units" time="0.000"/>
	<testcase classname="TestPVUnits" name="test_log_info_tags" time="0.000"/>
	<testcase classname="TestPVUnits" name="test_multiple_properties_on_pvs" time="0.001"/>
	<testcase classname="TestPVUnits" name="test_multiple_pvs_warning" time="0.001"/>
	<testcase classname="TestPVUnits" name="test_units_valid" time="0.004"/>
	<testcase classname="TestPVUnits" name="test_desc_length" time="0.001"/>
	<testcase classname="TestPVUnits" name="test_interest_calc_readonly" time="0.000"/>
	<testcase classname="TestPVUnits" name="test_interest_descriptions" time="0.000"/>
	<testcase classname="TestPVUnits" name="test_interest_syntax" time="0.000"/>
	<testcase classname="TestPVUnits" name="test_interest_units" time="0.000"/>
	<testcase classname="TestPVUnits" name="test_log_info_tags" time="0.000"/>
	<testcase classname="TestPVUnits" name="test_multiple_properties_on_pvs" time="0.000"/>
	<testcase classname="TestPVUnits" name="test_multiple_pvs_warning" time="0.000"/>
	<testcase classname="TestPVUnits" name="test_units_valid" time="0.001"/>
	<testcase classname="TestPVUnits" name="test_desc_length" time="0.000"/>
	<testcase classname="TestPVUnits" name="test_interest_calc_readonly" time="0.000"/>
	<testcase classname="TestPVUnits" name="test_interest_descriptions" time="0.000"/>
	<testcase classname="TestPVUnits" name="test_interest_syntax" time="0.000"/>
	<testcase classname="TestPVUnits" name="test_interest_units" time="0.000"/>
	<testcase classname="TestPVUnits" name="test_log_info_tags" time="0.000"/>
	<testcase classname="TestPVUnits" name="test_multiple_properties_on_pvs" time="0.000"/>
	<testcase classname="TestPVUnits" name="test_multiple_pvs_warning" time="0.000"/>
	<testcase classname="TestPVUnits" name="test_units_valid" time="0.001"/>
	<testcase classname="TestPVUnits" name="test_desc_length" time="0.001"/>
	<testcase classname="TestPVUnits" name="test_interest_calc_readonly" time="0.000"/>
	<testcase classname="TestPVUnits" name="test_interest_descriptions" time="0.000"/>
	<testcase classname="TestPVUnits" name="test_interest_syntax" time="0.000"/>
	<testcase classname="TestPVUnits" name="test_interest_units" time="0.000"/>
	<testcase classname="TestPVUnits" name="test_log_info_tags" time="0.000"/>
	<testcase classname="TestPVUnits" name="test_multiple_properties_on_pvs" time="0.001"/>
	<testcase classname="TestPVUnits" name="test_multiple_pvs_warning" time="0.000"/>
	<testcase classname="TestPVUnits" name="test_units_valid" time="0.001"/>
	<testcase classname="TestPVUnits" name="test_desc_length" time="0.000"/>
	<testcase classname="TestPVUnits" name="test_interest_calc_readonly" time="0.000"/>
	<testcase classname="TestPVUnits" name="test_interest_descriptions" time="0.000"/>
	<testcase classname="TestPVUnits" name="test_interest_syntax" time="0.000"/>
	<testcase classname="TestPVUnits" name="test_interest_units" time="0.000"/>
	<testcase classname="TestPVUnits" name="test_log_info_tags" time="0.000"/>
	<testcase classname="TestPVUnits" name="test_multiple_properties_on_pvs" time="0.000"/>
	<testcase classname="TestPVUnits" name="test_multiple_pvs_warning" time="0.000"/>
	<testcase classname="TestPVUnits" name="test_units_valid" time="0.000"/>
	<testcase classname="TestPVUnits" name="test_desc_length" time="0.000"/>
	<testcase classname="TestPVUnits" name="test_interest_calc_readonly" time="0.000"/>
	<testcase classname="TestPVUnits" name="test_interest_descriptions" time="0.000"/>
	<testcase classname="TestPVUnits" name="test_interest_syntax" time="0.001"/>
	<testcase classname="TestPVUnits" name="test_interest_units" time="0.000"/>
	<testcase classname="TestPVUnits" name="test_log_info_tags" time="0.000"/>
	<testcase classname="TestPVUnits" name="test_multiple_properties_on_pvs" time="0.000"/>
	<testcase classname="TestPVUnits" name="test_multiple_pvs_warning" time="0.000"/>
	<testcase classname="TestPVUnits" name="test_units_valid" time="0.000"/>
	<testcase classname="TestPVUnits" name="test_desc_length" time="0.000"/>
	<testcase classname="TestPVUnits" name="test_interest_calc_readonly" time="0.000"/>
	<testcase classname="TestPVUnits" name="test_interest_descriptions" time="0.000"/>
	<testcase classname="TestPVUnits" name="test_interest_syntax" time="0.000"/>
	<testcase classname="TestPVUnits" name="test_interest_units" time="0.000"/>
	<testcase classname="TestPVUnits" name="test_log_info_tags" time="0.001"/>
	<testcase classname="TestPVUnits" name="test_multiple_properties_on_pvs" time="0.000"/>
	<testcase classname="TestPVUnits" name="test_multiple_pvs_warning" time="0.000"/>
	<testcase classname="TestPVUnits" name="test_units_valid" time="0.000"/>
	<testcase classname="TestPVUnits" name="test_desc_length" time="0.000"/>
	<testcase classname="TestPVUnits" name="test_interest_calc_readonly" time="0.000"/>
	<testcase classname="TestPVUnits" name="test_interest_descriptions" time="0.000"/>
	<testcase classname="TestPVUnits" name="test_interest_syntax" time="0.000"/>
	<testcase classname="TestPVUnits" name="test_interest_units" time="0.000"/>
	<testcase classname="TestPVUnits" name="test_log_info_tags" time="0.000"/>
	<testcase classname="TestPVUnits" name="test_multiple_properties_on_pvs" time="0.000"/>
	<testcase classname="TestPVUnits" name="test_multiple_pvs_warning" time="0.000"/>
	<testcase classname="TestPVUnits" name="test_units_valid" time="0.000"/>
	<testcase classname="TestPVUnits" name="test_desc_length" time="0.000"/>
	<testcase classname="TestPVUnits" name="test_interest_calc_readonly" time="0.000"/>
	<testcase classname="TestPVUnits" name="test_interest_descriptions" time="0.000"/>
	<testcase classname="TestPVUnits" name="test_interest_syntax" time="0.000"/>
	<testcase classname="TestPVUnits" name="test_interest_units" time="0.001"/>
	<testcase classname="TestPVUnits" name="test_log_info_tags" time="0.000"/>
	<testcase classname="TestPVUnits" name="test_multiple_properties_on_pvs" time="0.000"/>
	<testcase classname="TestPVUnits" name="test_multiple_pvs_warning" time="0.000"/>
	<testcase classname="TestPVUnits" name="test_units_valid" time="0.000"/>
	<testcase classname="TestPVUnits" name="test_desc_length" time="0.000"/>
	<testcase classname="TestPVUnits" name="test_interest_calc_readonly" time="0.000"/>
	<testcase classname="TestPVUnits" name="test_interest_descriptions" time="0.000"/>
	<testcase classname="TestPVUnits" name="test_interest_syntax" time="0.000"/>
	<testcase classname="TestPVUnits" name="test_interest_units" time="0.000"/>
	<testcase classname="TestPVUnits" name="test_log_info_tags" time="0.001"/>
	<testcase classname="TestPVUnits" name="test_multiple_properties_on_pvs" time="0.000"/>
	<testcase classname="TestPVUnits" name="test_multiple_pvs_warning" time="0.000"/>
	<testcase classname="TestPVUnits" name="test_units_valid" time="0.000"/>
	<testcase classname="TestPVUnits" name="test_desc_length" time="0.000"/>
	<testcase classname="TestPVUnits" name="test_interest_calc_readonly" time="0.000"/>
	<testcase classname="TestPVUnits" name="test_interest_descriptions" time="0.000"/>
	<testcase classname="TestPVUnits" name="test_interest_syntax" time="0.001"/>
	<testcase classname="TestPVUnits" name="test_interest_units" time="0.000"/>
	<testcase classname="TestPVUnits" name="test_log_info_tags" time="0.000"/>
	<testcase classname="TestPVUnits" name="test_multiple_properties_on_pvs" time="0.000"/>
	<testcase classname="TestPVUnits" name="test_multiple_pvs_warning" time="0.001"/>
	<testcase classname="TestPVUnits" name="test_units_valid" time="0.000"/>
	<testcase classname="TestPVUnits" name="test_desc_length" time="0.000"/>
	<testcase classname="TestPVUnits" name="test_interest_calc_readonly" time="0.000"/>
	<testcase classname="TestPVUnits" name="test_interest_descriptions" time="0.000"/>
	<testcase classname="TestPVUnits" name="test_interest_syntax" time="0.000"/>
	<testcase classname="TestPVUnits" name="test_interest_units" time="0.000"/>
	<testcase classname="TestPVUnits" name="test_log_info_tags" time="0.000"/>
	<testcase classname="TestPVUnits" name="test_multiple_properties_on_pvs" time="0.001"/>
	<testcase classname="TestPVUnits" name="test_multiple_pvs_warning" time="0.000"/>
	<testcase classname="TestPVUnits" name="test_units_valid" time="0.000"/>
	<testcase classname="TestPVUnits" name="test_desc_length" time="0.000"/>
	<testcase classname="TestPVUnits" name="test_interest_calc_readonly" time="0.000"/>
	<testcase classname="TestPVUnits" name="test_interest_descriptions" time="0.000"/>
	<testcase classname="TestPVUnits" name="test_interest_syntax" time="0.000"/>
	<testcase classname="TestPVUnits" name="test_interest_units" time="0.000"/>
	<testcase classname="TestPVUnits" name="test_log_info_tags" time="0.000"/>
	<testcase classname="TestPVUnits" name="test_multiple_properties_on_pvs" time="0.000"/>
	<testcase classname="TestPVUnits" name="test_multiple_pvs_warning" time="0.000"/>
	<testcase classname="TestPVUnits" name="test_units_valid" time="0.000"/>
	<testcase classname="TestPVUnits" name="test_desc_length" time="0.000"/>
	<testcase classname="TestPVUnits" name="test_interest_calc_readonly" time="0.000"/>
	<testcase classname="TestPVUnits" name="test_interest_descriptions" time="0.000"/>
	<testcase classname="TestPVUnits" name="test_interest_syntax" time="0.000"/>
	<testcase classname="TestPVUnits" name="test_interest_units" time="0.000"/>
	<testcase classname="TestPVUnits" name="test_log_info_tags" time="0.000"/>
	<testcase classname="TestPVUnits" name="test_multiple_properties_on_pvs" time="0.000"/>
	<testcase classname="TestPVUnits" name="test_multiple_pvs_warning" time="0.000"/>
	<testcase classname="TestPVUnits" name="test_units_valid" time="0.000"/>
	<testcase classname="TestPVUnits" name="test_desc_length" time="0.000"/>
	<testcase classname="TestPVUnits" name="test_interest_calc_readonly" time="0.000"/>
	<testcase classname="TestPVUnits" name="test_interest_descriptions" time="0.000"/>
	<testcase classname="TestPVUnits" name="test_interest_syntax" time="0.000"/>
	<testcase classname="TestPVUnits" name="test_interest_units" time="0.000"/>
	<testcase classname="TestPVUnits" name="test_log_info_tags" time="0.000"/>
	<testcase classname="TestPVUnits" name="test_multiple_properties_on_pvs" time="0.000"/>
	<testcase classname="TestPVUnits" name="test_multiple_pvs_warning" time="0.000"/>
	<testcase classname="TestPVUnits" name="test_units_valid" time="0.000"/>
	<testcase classname="TestPVUnits" name="test_desc_length" time="0.000"/>
	<testcase classname="TestPVUnits" name="test_interest_calc_readonly" time="0.000"/>
	<testcase classname="TestPVUnits" name="test_interest_descriptions" time="0.000"/>
	<testcase classname="TestPVUnits" name="test_interest_units" time="0.000"/>
	<testcase classname="TestPVUnits" name="test_log_info_tags" time="0.000"/>
	<testcase classname="TestPVUnits" name="test_multiple_properties_on_pvs" time="0.000"/>
	<testcase classname="TestPVUnits" name="test_multiple_pvs_warning" time="0.000"/>
	<testcase classname="TestPVUnits" name="test_units_valid" time="0.001"/>
	<testcase classname="TestPVUnits" name="test_desc_length" time="0.000"/>
	<testcase classname="TestPVUnits" name="test_interest_calc_readonly" time="0.000"/>
	<testcase classname="TestPVUnits" name="test_interest_descriptions" time="0.000"/>
	<testcase classname="TestPVUnits" name="test_interest_syntax" time="0.000"/>
	<testcase classname="TestPVUnits" name="test_interest_units" time="0.000"/>
	<testcase classname="TestPVUnits" name="test_log_info_tags" time="0.000"/>
	<testcase classname="TestPVUnits" name="test_multiple_properties_on_pvs" time="0.000"/>
	<testcase classname="TestPVUnits" name="test_multiple_pvs_warning" time="0.000"/>
	<testcase classname="TestPVUnits" name="test_units_valid" time="0.000"/>
	<testcase classname="TestPVUnits" name="test_desc_length" time="0.000"/>
	<testcase classname="TestPVUnits" name="test_interest_calc_readonly" time="0.001"/>
	<testcase classname="TestPVUnits" name="test_interest_descriptions" time="0.000"/>
	<testcase classname="TestPVUnits" name="test_interest_syntax" time="0.000"/>
	<testcase classname="TestPVUnits" name="test_interest_units" time="0.000"/>
	<testcase classname="TestPVUnits" name="test_log_info_tags" time="0.000"/>
	<testcase classname="TestPVUnits" name="test_multiple_properties_on_pvs" time="0.000"/>
	<testcase classname="TestPVUnits" name="test_multiple_pvs_warning" time="0.000"/>
	<testcase classname="TestPVUnits" name="test_units_valid" time="0.000"/>
	<testcase classname="TestPVUnits" name="test_desc_length" time="0.000"/>
	<testcase classname="TestPVUnits" name="test_interest_calc_readonly" time="0.000"/>
	<testcase classname="TestPVUnits" name="test_interest_descriptions" time="0.000"/>
	<testcase classname="TestPVUnits" name="test_interest_syntax" time="0.000"/>
	<testcase classname="TestPVUnits" name="test_interest_units" time="0.000"/>
	<testcase classname="TestPVUnits" name="test_log_info_tags" time="0.001"/>
	<testcase classname="TestPVUnits" name="test_multiple_properties_on_pvs" time="0.000"/>
	<testcase classname="TestPVUnits" name="test_multiple_pvs_warning" time="0.000"/>
	<testcase classname="TestPVUnits" name="test_units_valid" time="0.000"/>
	<testcase classname="TestPVUnits" name="test_desc_length" time="0.000"/>
	<testcase classname="TestPVUnits" name="test_interest_calc_readonly" time="0.000"/>
	<testcase classname="TestPVUnits" name="test_interest_descriptions" time="0.000"/>
	<testcase classname="TestPVUnits" name="test_interest_syntax" time="0.000"/>
	<testcase classname="TestPVUnits" name="test_interest_units" time="0.000"/>
	<testcase classname="TestPVUnits" name="test_log_info_tags" time="0.000"/>
	<testcase classname="TestPVUnits" name="test_multiple_properties_on_pvs" time="0.000"/>
	<testcase classname="TestPVUnits" name="test_multiple_pvs_warning" time="0.001"/>
	<testcase classname="TestPVUnits" name="test_units_valid" time="0.000"/>
	<testcase classname="TestPVUnits" name="test_desc_length" time="0.000"/>
	<testcase classname="TestPVUnits" name="test_interest_calc_readonly" time="0.000"/>
	<testcase classname="TestPVUnits" name="test_interest_descriptions" time="0.000"/>
	<testcase classname="TestPVUnits" name="test_interest_syntax" time="0.000"/>
	<testcase classname="TestPVUnits" name="test_interest_units" time="0.000"/>
	<testcase classname="TestPVUnits" name="test_log_info_tags" time="0.000"/>
	<testcase classname="TestPVUnits" name="test_multiple_properties_on_pvs" time="0.000"/>
	<testcase classname="TestPVUnits" name="test_multiple_pvs_warning" time="0.000"/>
	<testcase classname="TestPVUnits" name="test_units_valid" time="0.000"/>
	<testcase classname="TestPVUnits" name="test_desc_length" time="0.000"/>
	<testcase classname="TestPVUnits" name="test_interest_calc_readonly" time="0.000"/>
	<testcase classname="TestPVUnits" name="test_interest_descriptions" time="0.000"/>
	<testcase classname="TestPVUnits" name="test_interest_syntax" time="0.000"/>
	<testcase classname="TestPVUnits" name="test_interest_units" time="0.000"/>
	<testcase classname="TestPVUnits" name="test_log_info_tags" time="0.000"/>
	<testcase classname="TestPVUnits" name="test_multiple_properties_on_pvs" time="0.000"/>
	<testcase classname="TestPVUnits" name="test_multiple_pvs_warning" time="0.000"/>
	<testcase classname="TestPVUnits" name="test_units_valid" time="0.000"/>
	<testcase classname="TestPVUnits" name="test_desc_length" time="0.000"/>
	<testcase classname="TestPVUnits" name="test_interest_calc_readonly" time="0.000"/>
	<testcase classname="TestPVUnits" name="test_interest_descriptions" time="0.000"/>
	<testcase classname="TestPVUnits" name="test_interest_syntax" time="0.000"/>
	<testcase classname="TestPVUnits" name="test_interest_units" time="0.000"/>
	<testcase classname="TestPVUnits" name="test_log_info_tags" time="0.000"/>
	<testcase classname="TestPVUnits" name="test_multiple_properties_on_pvs" time="0.000"/>
	<testcase classname="TestPVUnits" name="test_multiple_pvs_warning" time="0.000"/>
	<testcase classname="TestPVUnits" name="test_units_valid" time="0.000"/>
	<testcase classname="TestPVUnits" name="test_desc_length" time="0.000"/>
	<testcase classname="TestPVUnits" name="test_interest_calc_readonly" time="0.000"/>
	<testcase classname="TestPVUnits" name="test_interest_descriptions" time="0.000"/>
	<testcase classname="TestPVUnits" name="test_interest_syntax" time="0.000"/>
	<testcase classname="TestPVUnits" name="test_interest_units" time="0.000"/>
	<testcase classname="TestPVUnits" name="test_log_info_tags" time="0.000"/>
	<testcase classname="TestPVUnits" name="test_multiple_properties_on_pvs" time="0.000"/>
	<testcase classname="TestPVUnits" name="test_multiple_pvs_warning" time="0.000"/>
	<testcase classname="TestPVUnits" name="test_units_valid" time="0.000"/>
	<testcase classname="TestPVUnits" name="test_desc_length" time="0.000"/>
	<testcase classname="TestPVUnits" name="test_interest_calc_readonly" time="0.000"/>
	<testcase classname="TestPVUnits" name="test_interest_descriptions" time="0.000"/>
	<testcase classname="TestPVUnits" name="test_interest_syntax" time="0.000"/>
	<testcase classname="TestPVUnits" name="test_interest_units" time="0.000"/>
	<testcase classname="TestPVUnits" name="test_log_info_tags" time="0.000"/>
	<testcase classname="TestPVUnits" name="test_multiple_properties_on_pvs" time="0.000"/>
	<testcase classname="TestPVUnits" name="test_multiple_pvs_warning" time="0.000"/>
	<testcase classname="TestPVUnits" name="test_units_valid" time="0.000"/>
	<testcase classname="TestPVUnits" name="test_desc_length" time="0.000"/>
	<testcase classname="TestPVUnits" name="test_interest_calc_readonly" time="0.000"/>
	<testcase classname="TestPVUnits" name="test_interest_descriptions" time="0.000"/>
	<testcase classname="TestPVUnits" name="test_interest_syntax" time="0.001"/>
	<testcase classname="TestPVUnits" name="test_interest_units" time="0.000"/>
	<testcase classname="TestPVUnits" name="test_log_info_tags" time="0.001"/>
	<testcase classname="TestPVUnits" name="test_multiple_properties_on_pvs" time="0.000"/>
	<testcase classname="TestPVUnits" name="test_multiple_pvs_warning" time="0.000"/>
	<testcase classname="TestPVUnits" name="test_units_valid" time="0.000"/>
	<testcase classname="TestPVUnits" name="test_desc_length" time="0.000"/>
	<testcase classname="TestPVUnits" name="test_interest_calc_readonly" time="0.000"/>
	<testcase classname="TestPVUnits" name="test_interest_descriptions" time="0.000"/>
	<testcase classname="TestPVUnits" name="test_interest_syntax" time="0.000"/>
	<testcase classname="TestPVUnits" name="test_interest_units" time="0.000"/>
	<testcase classname="TestPVUnits" name="test_log_info_tags" time="0.000"/>
	<testcase classname="TestPVUnits" name="test_multiple_properties_on_pvs" time="0.000"/>
	<testcase classname="TestPVUnits" name="test_multiple_pvs_warning" time="0.000"/>
	<testcase classname="TestPVUnits" name="test_units_valid" time="0.000"/>
	<testcase classname="TestPVUnits" name="test_desc_length" time="0.000"/>
	<testcase classname="TestPVUnits" name="test_interest_calc_readonly" time="0.000"/>
	<testcase classname="TestPVUnits" name="test_interest_descriptions" time="0.000"/>
	<testcase classname="TestPVUnits" name="test_interest_syntax" time="0.000"/>
	<testcase classname="TestPVUnits" name="test_interest_units" time="0.000"/>
	<testcase classname="TestPVUnits" name="test_log_info_tags" time="0.000"/>
	<testcase classname="TestPVUnits" name="test_multiple_properties_on_pvs" time="0.000"/>
	<testcase classname="TestPVUnits" name="test_multiple_pvs_warning" time="0.000"/>
	<testcase classname="TestPVUnits" name="test_units_valid" time="0.000"/>
	<testcase classname="TestPVUnits" name="test_desc_length" time="0.000"/>
	<testcase classname="TestPVUnits" name="test_interest_calc_readonly" time="0.000"/>
	<testcase classname="TestPVUnits" name="test_interest_descriptions" time="0.000"/>
	<testcase classname="TestPVUnits" name="test_interest_syntax" time="0.000"/>
[...]
	<testcase classname="TestPVUnits" name="test_interest_syntax" time="0.000"/>
	<testcase classname="TestPVUnits" name="test_interest_units" time="0.000"/>
	<testcase classname="TestPVUnits" name="test_log_info_tags" time="0.000"/>
	<testcase classname="TestPVUnits" name="test_multiple_properties_on_pvs" time="0.000"/>
	<testcase classname="TestPVUnits" name="test_multiple_pvs_warning" time="0.000"/>
	<testcase classname="TestPVUnits" name="test_units_valid" time="0.001"/>
	<testcase classname="TestPVUnits" name="test_desc_length" time="0.000"/>
	<testcase classname="TestPVUnits" name="test_interest_calc_readonly" time="0.000"/>
	<testcase classname="TestPVUnits" name="test_interest_descriptions" time="0.000"/>
	<testcase classname="TestPVUnits" name="test_interest_syntax" time="0.000"/>
	<testcase classname="TestPVUnits" name="test_interest_units" time="0.000"/>
	<testcase classname="TestPVUnits" name="test_log_info_tags" time="0.000"/>
	<testcase classname="TestPVUnits" name="test_multiple_properties_on_pvs" time="0.001"/>
	<testcase classname="TestPVUnits" name="test_multiple_pvs_warning" time="0.000"/>
	<testcase classname="TestPVUnits" name="test_units_valid" time="0.001"/>
	<testcase classname="TestPVUnits" name="test_desc_length" time="0.000"/>
	<testcase classname="TestPVUnits" name="test_interest_calc_readonly" time="0.000"/>
	<testcase classname="TestPVUnits" name="test_interest_descriptions" time="0.000"/>
	<testcase classname="TestPVUnits" name="test_interest_syntax" time="0.000"/>
	<testcase classname="TestPVUnits" name="test_interest_units" time="0.000"/>
	<testcase classname="TestPVUnits" name="test_log_info_tags" time="0.000"/>
	<testcase classname="TestPVUnits" name="test_multiple_properties_on_pvs" time="0.000"/>
	<testcase classname="TestPVUnits" name="test_multiple_pvs_warning" time="0.000"/>
	<testcase classname="TestPVUnits" name="test_units_valid" time="0.000"/>
	<testcase classname="TestPVUnits" name="test_desc_length" time="0.000"/>
	<testcase classname="TestPVUnits" name="test_interest_calc_readonly" time="0.000"/>
	<testcase classname="TestPVUnits" name="test_interest_descriptions" time="0.000"/>
	<testcase classname="TestPVUnits" name="test_interest_syntax" time="0.000"/>
	<testcase classname="TestPVUnits" name="test_interest_units" time="0.000"/>
	<testcase classname="TestPVUnits" name="test_log_info_tags" time="0.000"/>
	<testcase classname="TestPVUnits" name="test_multiple_properties_on_pvs" time="0.000"/>
	<testcase classname="TestPVUnits" name="test_multiple_pvs_warning" time="0.000"/>
	<testcase classname="TestPVUnits" name="test_units_valid" time="0.000"/>
	<testcase classname="TestPVUnits" name="test_desc_length" time="0.000"/>
	<testcase classname="TestPVUnits" name="test_interest_calc_readonly" time="0.000"/>
	<testcase classname="TestPVUnits" name="test_interest_descriptions" time="0.000"/>
	<testcase classname="TestPVUnits" name="test_interest_syntax" time="0.000"/>
	<testcase classname="TestPVUnits" name="test_interest_units" time="0.000"/>
	<testcase classname="TestPVUnits" name="test_log_info_tags" time="0.000"/>
	<testcase classname="TestPVUnits" name="test_multiple_properties_on_pvs" time="0.000"/>
	<testcase classname="TestPVUnits" name="test_multiple_pvs_warning" time="0.000"/>
	<testcase classname="TestPVUnits" name="test_units_valid" time="0.000"/>
	<testcase classname="TestPVUnits" name="test_desc_length" time="0.000"/>
	<testcase classname="TestPVUnits" name="test_interest_calc_readonly" time="0.000"/>
	<testcase classname="TestPVUnits" name="test_interest_descriptions" time="0.000"/>
	<testcase classname="TestPVUnits" name="test_interest_syntax" time="0.000"/>
	<testcase classname="TestPVUnits" name="test_interest_units" time="0.000"/>
	<testcase classname="TestPVUnits" name="test_log_info_tags" time="0.000"/>
	<testcase classname="TestPVUnits" name="test_multiple_properties_on_pvs" time="0.000"/>
	<testcase classname="TestPVUnits" name="test_multiple_pvs_warning" time="0.001"/>
	<testcase classname="TestPVUnits" name="test_units_valid" time="0.000"/>
	<testcase classname="TestPVUnits" name="test_desc_length" time="0.000"/>
	<testcase classname="TestPVUnits" name="test_interest_calc_readonly" time="0.000"/>
	<testcase classname="TestPVUnits" name="test_interest_descriptions" time="0.000"/>
	<testcase classname="TestPVUnits" name="test_interest_syntax" time="0.000"/>
	<testcase classname="TestPVUnits" name="test_interest_units" time="0.000"/>
	<testcase classname="TestPVUnits" name="test_log_info_tags" time="0.000"/>
	<testcase classname="TestPVUnits" name="test_multiple_properties_on_pvs" time="0.000"/>
	<testcase classname="TestPVUnits" name="test_multiple_pvs_warning" time="0.000"/>
	<testcase classname="TestPVUnits" name="test_units_valid" time="0.000"/>
	<testcase classname="TestPVUnits" name="test_desc_length" time="0.000"/>
	<testcase classname="TestPVUnits" name="test_interest_calc_readonly" time="0.000"/>
	<testcase classname="TestPVUnits" name="test_interest_descriptions" time="0.000"/>
	<testcase classname="TestPVUnits" name="test_interest_syntax" time="0.000"/>
	<testcase classname="TestPVUnits" name="test_interest_units" time="0.000"/>
	<testcase classname="TestPVUnits" name="test_log_info_tags" time="0.000"/>
	<testcase classname="TestPVUnits" name="test_multiple_properties_on_pvs" time="0.000"/>
	<testcase classname="TestPVUnits" name="test_multiple_pvs_warning" time="0.000"/>
	<testcase classname="TestPVUnits" name="test_units_valid" time="0.000"/>
	<testcase classname="TestPVUnits" name="test_desc_length" time="0.000"/>
	<testcase classname="TestPVUnits" name="test_interest_calc_readonly" time="0.000"/>
	<testcase classname="TestPVUnits" name="test_interest_descriptions" time="0.000"/>
	<testcase classname="TestPVUnits" name="test_interest_syntax" time="0.000"/>
	<testcase classname="TestPVUnits" name="test_interest_units" time="0.000"/>
	<testcase classname="TestPVUnits" name="test_log_info_tags" time="0.000"/>
	<testcase classname="TestPVUnits" name="test_multiple_properties_on_pvs" time="0.000"/>
	<testcase classname="TestPVUnits" name="test_multiple_pvs_warning" time="0.000"/>
	<testcase classname="TestPVUnits" name="test_units_valid" time="0.001"/>
	<testcase classname="TestPVUnits" name="test_desc_length" time="0.000"/>
	<testcase classname="TestPVUnits" name="test_interest_calc_readonly" time="0.000"/>
	<testcase classname="TestPVUnits" name="test_interest_descriptions" time="0.000"/>
	<testcase classname="TestPVUnits" name="test_interest_syntax" time="0.000"/>
	<testcase classname="TestPVUnits" name="test_interest_units" time="0.000"/>
	<testcase classname="TestPVUnits" name="test_log_info_tags" time="0.000"/>
	<testcase classname="TestPVUnits" name="test_multiple_properties_on_pvs" time="0.000"/>
	<testcase classname="TestPVUnits" name="test_multiple_pvs_warning" time="0.000"/>
	<testcase classname="TestPVUnits" name="test_units_valid" time="0.000"/>
	<testcase classname="TestPVUnits" name="test_desc_length" time="0.000"/>
	<testcase classname="TestPVUnits" name="test_interest_calc_readonly" time="0.000"/>
	<testcase classname="TestPVUnits" name="test_interest_descriptions" time="0.000"/>
	<testcase classname="TestPVUnits" name="test_interest_syntax" time="0.000"/>
	<testcase classname="TestPVUnits" name="test_interest_units" time="0.000"/>
	<testcase classname="TestPVUnits" name="test_log_info_tags" time="0.000"/>
	<testcase classname="TestPVUnits" name="test_multiple_properties_on_pvs" time="0.000"/>
	<testcase classname="TestPVUnits" name="test_multiple_pvs_warning" time="0.000"/>
	<testcase classname="TestPVUnits" name="test_units_valid" time="0.000"/>
	<testcase classname="TestPVUnits" name="test_desc_length" time="0.000"/>
	<testcase classname="TestPVUnits" name="test_interest_calc_readonly" time="0.000"/>
	<testcase classname="TestPVUnits" name="test_interest_descriptions" time="0.000"/>
	<testcase classname="TestPVUnits" name="test_interest_syntax" time="0.000"/>
	<testcase classname="TestPVUnits" name="test_interest_units" time="0.000"/>
	<testcase classname="TestPVUnits" name="test_log_info_tags" time="0.000"/>
	<testcase classname="TestPVUnits" name="test_multiple_properties_on_pvs" time="0.000"/>
	<testcase classname="TestPVUnits" name="test_multiple_pvs_warning" time="0.000"/>
	<testcase classname="TestPVUnits" name="test_units_valid" time="0.000"/>
	<testcase classname="TestPVUnits" name="test_desc_length" time="0.001"/>
	<testcase classname="TestPVUnits" name="test_interest_calc_readonly" time="0.000"/>
	<testcase classname="TestPVUnits" name="test_interest_descriptions" time="0.000"/>
	<testcase classname="TestPVUnits" name="test_interest_syntax" time="0.000"/>
	<testcase classname="TestPVUnits" name="test_interest_units" time="0.000"/>
	<testcase classname="TestPVUnits" name="test_log_info_tags" time="0.000"/>
	<testcase classname="TestPVUnits" name="test_multiple_properties_on_pvs" time="0.000"/>
	<testcase classname="TestPVUnits" name="test_multiple_pvs_warning" time="0.000"/>
	<testcase classname="TestPVUnits" name="test_units_valid" time="0.001"/>
	<testcase classname="TestPVUnits" name="test_desc_length" time="0.000"/>
	<testcase classname="TestPVUnits" name="test_interest_calc_readonly" time="0.000"/>
	<testcase classname="TestPVUnits" name="test_interest_descriptions" time="0.000"/>
	<testcase classname="TestPVUnits" name="test_interest_syntax" time="0.000"/>
	<testcase classname="TestPVUnits" name="test_interest_units" time="0.000"/>
	<testcase classname="TestPVUnits" name="test_log_info_tags" time="0.000"/>
	<testcase classname="TestPVUnits" name="test_multiple_properties_on_pvs" time="0.000"/>
	<testcase classname="TestPVUnits" name="test_multiple_pvs_warning" time="0.000"/>
	<testcase classname="TestPVUnits" name="test_units_valid" time="0.000"/>
	<testcase classname="TestPVUnits" name="test_desc_length" time="0.000"/>
	<testcase classname="TestPVUnits" name="test_interest_calc_readonly" time="0.000"/>
	<testcase classname="TestPVUnits" name="test_interest_descriptions" time="0.000"/>
	<testcase classname="TestPVUnits" name="test_interest_syntax" time="0.000"/>
	<testcase classname="TestPVUnits" name="test_interest_units" time="0.000"/>
	<testcase classname="TestPVUnits" name="test_log_info_tags" time="0.000"/>
	<testcase classname="TestPVUnits" name="test_multiple_properties_on_pvs" time="0.000"/>
	<testcase classname="TestPVUnits" name="test_multiple_pvs_warning" time="0.000"/>
	<testcase classname="TestPVUnits" name="test_units_valid" time="0.000"/>
	<testcase classname="TestPVUnits" name="test_desc_length" time="0.000"/>
	<testcase classname="TestPVUnits" name="test_interest_calc_readonly" time="0.000"/>
	<testcase classname="TestPVUnits" name="test_interest_descriptions" time="0.000"/>
	<testcase classname="TestPVUnits" name="test_interest_syntax" time="0.000"/>
	<testcase classname="TestPVUnits" name="test_interest_units" time="0.000"/>
	<testcase classname="TestPVUnits" name="test_log_info_tags" time="0.000"/>
	<testcase classname="TestPVUnits" name="test_multiple_properties_on_pvs" time="0.000"/>
	<testcase classname="TestPVUnits" name="test_multiple_pvs_warning" time="0.000"/>
	<testcase classname="TestPVUnits" name="test_units_valid" time="0.001"/>
	<testcase classname="TestPVUnits" name="test_desc_length" time="0.000"/>
	<testcase classname="TestPVUnits" name="test_interest_calc_readonly" time="0.000"/>
	<testcase classname="TestPVUnits" name="test_interest_descriptions" time="0.000"/>
	<testcase classname="TestPVUnits" name="test_interest_syntax" time="0.000"/>
	<testcase classname="TestPVUnits" name="test_interest_units" time="0.000"/>
	<testcase classname="TestPVUnits" name="test_log_info_tags" time="0.000"/>
	<testcase classname="TestPVUnits" name="test_multiple_properties_on_pvs" time="0.000"/>
	<testcase classname="TestPVUnits" name="test_multiple_pvs_warning" time="0.000"/>
	<testcase classname="TestPVUnits" name="test_units_valid" time="0.000"/>
	<testcase classname="TestPVUnits" name="test_desc_length" time="0.000"/>
	<testcase classname="TestPVUnits" name="test_interest_calc_readonly" time="0.000"/>
	<testcase classname="TestPVUnits" name="test_interest_descriptions" time="0.000"/>
	<testcase classname="TestPVUnits" name="test_interest_syntax" time="0.000"/>
	<testcase classname="TestPVUnits" name="test_interest_units" time="0.000"/>
	<testcase classname="TestPVUnits" name="test_log_info_tags" time="0.000"/>
	<testcase classname="TestPVUnits" name="test_multiple_properties_on_pvs" time="0.000"/>
	<testcase classname="TestPVUnits" name="test_multiple_pvs_warning" time="0.000"/>
	<testcase classname="TestPVUnits" name="test_units_valid" time="0.000"/>
	<testcase classname="TestPVUnits" name="test_desc_length" time="0.001"/>
	<testcase classname="TestPVUnits" name="test_interest_calc_readonly" time="0.000"/>
	<testcase classname="TestPVUnits" name="test_interest_descriptions" time="0.000"/>
	<testcase classname="TestPVUnits" name="test_interest_syntax" time="0.000"/>
	<testcase classname="TestPVUnits" name="test_interest_units" time="0.000"/>
	<testcase classname="TestPVUnits" name="test_log_info_tags" time="0.000"/>
	<testcase classname="TestPVUnits" name="test_multiple_properties_on_pvs" time="0.000"/>
	<testcase classname="TestPVUnits" name="test_multiple_pvs_warning" time="0.000"/>
	<testcase classname="TestPVUnits" name="test_units_valid" time="0.000"/>
	<testcase classname="TestPVUnits" name="test_desc_length" time="0.000"/>
	<testcase classname="TestPVUnits" name="test_interest_calc_readonly" time="0.000"/>
	<testcase classname="TestPVUnits" name="test_interest_descriptions" time="0.000"/>
	<testcase classname="TestPVUnits" name="test_interest_syntax" time="0.000"/>
	<testcase classname="TestPVUnits" name="test_interest_units" time="0.000"/>
	<testcase classname="TestPVUnits" name="test_log_info_tags" time="0.000"/>
	<testcase classname="TestPVUnits" name="test_multiple_properties_on_pvs" time="0.001"/>
	<testcase classname="TestPVUnits" name="test_multiple_pvs_warning" time="0.000"/>
	<testcase classname="TestPVUnits" name="test_units_valid" time="0.000"/>
	<testcase classname="TestPVUnits" name="test_desc_length" time="0.000"/>
	<testcase classname="TestPVUnits" name="test_interest_calc_readonly" time="0.000"/>
	<testcase classname="TestPVUnits" name="test_interest_descriptions" time="0.000"/>
	<testcase classname="TestPVUnits" name="test_interest_syntax" time="0.000"/>
	<testcase classname="TestPVUnits" name="test_interest_units" time="0.000"/>
	<testcase classname="TestPVUnits" name="test_log_info_tags" time="0.000"/>
	<testcase classname="TestPVUnits" name="test_multiple_properties_on_pvs" time="0.000"/>
	<testcase classname="TestPVUnits" name="test_multiple_pvs_warning" time="0.000"/>
	<testcase classname="TestPVUnits" name="test_units_valid" time="0.000"/>
	<testcase classname="TestPVUnits" name="test_desc_length" time="0.000"/>
	<testcase classname="TestPVUnits" name="test_interest_calc_readonly" time="0.000"/>
	<testcase classname="TestPVUnits" name="test_interest_descriptions" time="0.000"/>
	<testcase classname="TestPVUnits" name="test_interest_syntax" time="0.000"/>
	<testcase classname="TestPVUnits" name="test_interest_units" time="0.000"/>
	<testcase classname="TestPVUnits" name="test_log_info_tags" time="0.000"/>
	<testcase classname="TestPVUnits" name="test_multiple_properties_on_pvs" time="0.000"/>
	<testcase classname="TestPVUnits" name="test_multiple_pvs_warning" time="0.000"/>
	<testcase classname="TestPVUnits" name="test_units_valid" time="0.000"/>
	<testcase classname="TestPVUnits" name="test_desc_length" time="0.000"/>
	<testcase classname="TestPVUnits" name="test_interest_calc_readonly" time="0.000"/>
	<testcase classname="TestPVUnits" name="test_interest_descriptions" time="0.000"/>
	<testcase classname="TestPVUnits" name="test_interest_syntax" time="0.000"/>
	<testcase classname="TestPVUnits" name="test_interest_units" time="0.000"/>
	<testcase classname="TestPVUnits" name="test_log_info_tags" time="0.000"/>
	<testcase classname="TestPVUnits" name="test_multiple_properties_on_pvs" time="0.000"/>
	<testcase classname="TestPVUnits" name="test_multiple_pvs_warning" time="0.000"/>
	<testcase classname="TestPVUnits" name="test_units_valid" time="0.000"/>
	<testcase classname="TestPVUnits" name="test_desc_length" time="0.000"/>
	<testcase classname="TestPVUnits" name="test_interest_calc_readonly" time="0.000"/>
	<testcase classname="TestPVUnits" name="test_interest_descriptions" time="0.000"/>
	<testcase classname="TestPVUnits" name="test_interest_syntax" time="0.000"/>
	<testcase classname="TestPVUnits" name="test_interest_units" time="0.000"/>
	<testcase classname="TestPVUnits" name="test_log_info_tags" time="0.000"/>
	<testcase classname="TestPVUnits" name="test_multiple_properties_on_pvs" time="0.000"/>
	<testcase classname="TestPVUnits" name="test_multiple_pvs_warning" time="0.000"/>
	<testcase classname="TestPVUnits" name="test_units_valid" time="0.000"/>
	<testcase classname="TestPVUnits" name="test_desc_length" time="0.000"/>
	<testcase classname="TestPVUnits" name="test_interest_calc_readonly" time="0.000"/>
	<testcase classname="TestPVUnits" name="test_interest_descriptions" time="0.000"/>
	<testcase classname="TestPVUnits" name="test_interest_syntax" time="0.000"/>
	<testcase classname="TestPVUnits" name="test_interest_units" time="0.000"/>
	<testcase classname="TestPVUnits" name="test_log_info_tags" time="0.000"/>
	<testcase classname="TestPVUnits" name="test_multiple_properties_on_pvs" time="0.000"/>
	<testcase classname="TestPVUnits" name="test_multiple_pvs_warning" time="0.000"/>
	<testcase classname="TestPVUnits" name="test_units_valid" time="0.001"/>
	<testcase classname="TestPVUnits" name="test_multiple_pvs_warning" time="0.000">
		<skipped message="Historical failures have not been addressed" type="skip"/>
	</testcase>
	<testcase classname="TestPVUnits" name="test_multiple_properties_on_pvs" time="0.000">
		<skipped message="Mutually exclusive macro guards prevent this from ever happening" type="skip"/>
	</testcase>
	<testcase classname="TestPVUnits" name="test_multiple_properties_on_pvs" time="0.000">
		<skipped message="Mutually exclusive macro guards prevent this from ever happening" type="skip"/>
	</testcase>
	<testcase classname="TestPVUnits" name="test_multiple_pvs_warning" time="0.000">
		<skipped message="Historical failures have not been addressed" type="skip"/>
	</testcase>
	<testcase classname="TestPVUnits" name="test_interest_syntax" time="0.000">
		<skipped message="These are externally provided DBs" type="skip"/>
	</testcase>
	<testcase classname="TestPVUnits" name="test_multiple_pvs_warning" time="0.000">
		<skipped message="Historical failures have not been addressed" type="skip"/>
	</testcase>
	<testcase classname="TestPVUnits" name="test_multiple_pvs_warning" time="0.000">
		<skipped message="Historical failures have not been addressed" type="skip"/>
	</testcase>
	<testcase classname="TestPVUnits" name="test_multiple_pvs_warning" time="0.000">
		<skipped message="Historical failures have not been addressed" type="skip"/>
	</testcase>
	<testcase classname="TestPVUnits" name="test_multiple_pvs_warning" time="0.000">
		<skipped message="Historical failures have not been addressed" type="skip"/>
	</testcase>
	<testcase classname="TestPVUnits" name="test_multiple_pvs_warning" time="0.000">
		<skipped message="Historical failures have not been addressed" type="skip"/>
	</testcase>
	<testcase classname="TestPVUnits" name="test_multiple_pvs_warning" time="0.000">
		<skipped message="Historical failures have not been addressed" type="skip"/>
	</testcase>
	<testcase classname="TestPVUnits" name="test_multiple_pvs_warning" time="0.000">
		<skipped message="Historical failures have not been addressed" type="skip"/>
	</testcase>
	<system-out>
<![CDATA[]]>	</system-out>
	<system-err>
<![CDATA[]]>	</system-err>
</testsuite>
