<?xml version="1.0" ?>
<testsuite errors="2" failures="0" name="tests.hfmagpsu.HfmagpsuTests-20171114151011" tests="16" time="37.466">
	<testcase classname="tests.hfmagpsu.HfmagpsuTests" name="test_GIVEN_constant_set_WHEN_read_THEN_constant_is_as_expected" time="9.436"/>
	<testcase classname="tests.hfmagpsu.HfmagpsuTests" name="test_GIVEN_heaterStatus_set_OFF_WHEN_read_THEN_heaterStatus_is_as_expected" time="1.202"/>
	<testcase classname="tests.hfmagpsu.HfmagpsuTests" name="test_GIVEN_heaterValue_set_WHEN_read_THEN_heaterValue_is_as_expected" time="1.201"/>
	<testcase classname="tests.hfmagpsu.HfmagpsuTests" name="test_GIVEN_limit_set_WHEN_read_THEN_limit_is_as_expected" time="1.201"/>
	<testcase classname="tests.hfmagpsu.HfmagpsuTests" name="test_GIVEN_limit_set_WHEN_read_then_logmessage_is_as_expected" time="1.103"/>
	<testcase classname="tests.hfmagpsu.HfmagpsuTests" name="test_GIVEN_maxTarget_set_WHEN_read_THEN_maxTarget_is_as_expected" time="1.201"/>
	<testcase classname="tests.hfmagpsu.HfmagpsuTests" name="test_GIVEN_midTarget_set_WHEN_read_THEN_midTarget_is_as_expected" time="1.201"/>
	<testcase classname="tests.hfmagpsu.HfmagpsuTests" name="test_GIVEN_outputMode_set_AMPS_WHEN_read_THEN_outputMode_is_as_expected" time="1.201"/>
	<testcase classname="tests.hfmagpsu.HfmagpsuTests" name="test_GIVEN_outputMode_set_TESLA_WHEN_read_THEN_outputMode_is_as_expected" time="1.000"/>
	<testcase classname="tests.hfmagpsu.HfmagpsuTests" name="test_GIVEN_outputmode_set_WHEN_read_then_logmessage_is_as_expected" time="1.000"/>
	<testcase classname="tests.hfmagpsu.HfmagpsuTests" name="test_GIVEN_pause_set_OFF_WHEN_read_THEN_pause_is_as_expected" time="1.201"/>
	<testcase classname="tests.hfmagpsu.HfmagpsuTests" name="test_GIVEN_pause_set_ON_WHEN_read_THEN_pause_is_as_expected" time="1.001"/>
	<testcase classname="tests.hfmagpsu.HfmagpsuTests" name="test_GIVEN_rampRate_set_WHEN_read_THEN_rampRate_is_as_expected" time="1.201"/>
	<testcase classname="tests.hfmagpsu.HfmagpsuTests" name="test_GIVEN_rampTarget_set_WHEN_read_THEN_rampTarget_is_as_expected" time="3.201"/>
	<testcase classname="tests.hfmagpsu.HfmagpsuTests" name="test_GIVEN_direction_set_WHEN_read_THEN_direction_is_as_expected" time="0.109">
		<error message="983 is not a valid AlarmSeverity" type="ValueError">
<![CDATA[Traceback (most recent call last):
  File "C:\Instrument\Apps\EPICS\support\IocTestFramework\master\tests\hfmagpsu.py", line 92, in test_GIVEN_direction_set_WHEN_read_THEN_direction_is_as_expected
    self.ca.set_pv_value("HFMAGPSU_01:DIRECTION:SP", value)
  File "C:\Instrument\Apps\EPICS\support\IocTestFramework\master\utils\channel_access.py", line 49, in set_pv_value
    self.ca.set_pv_value(self._create_pv_with_prefix(pv), value, wait=False, timeout=self._default_timeout)
  File "C:\Instrument\Apps\Python\lib\site-packages\genie_python\genie_cachannel_wrapper.py", line 63, in set_pv_value
    value = CaChannelWrapper.check_for_enum_value(value, chan, name)
  File "C:\Instrument\Apps\Python\lib\site-packages\genie_python\genie_cachannel_wrapper.py", line 206, in check_for_enum_value
    channel_properties = chan.getValue()
  File "C:\Instrument\Apps\Python\lib\site-packages\CaChannel\CaChannel.py", line 458, in getValue
    dbrvalue = self._dbrvalue.get()
  File "C:\Instrument\Apps\Python\lib\site-packages\enum\__init__.py", line 347, in __call__
    return cls.__new__(cls, value)
  File "C:\Instrument\Apps\Python\lib\site-packages\enum\__init__.py", line 662, in __new__
    raise ValueError("%s is not a valid %s" % (value, cls.__name__))
ValueError: 983 is not a valid AlarmSeverity
]]>		</error>
	</testcase>
	<testcase classname="tests.hfmagpsu.HfmagpsuTests" name="test_GIVEN_heaterStatus_set_ON_WHEN_read_THEN_heaterStatus_is_as_expected" time="11.007">
		<error message="Values didn't match when reading PV 'HFMAGPSU_01:HEATERSTATUS'.
                   Expected value: ON
                   Actual value: OFF" type="AssertionError">
<![CDATA[Traceback (most recent call last):
  File "C:\Instrument\Apps\EPICS\support\IocTestFramework\master\tests\hfmagpsu.py", line 75, in test_GIVEN_heaterStatus_set_ON_WHEN_read_THEN_heaterStatus_is_as_expected
    self.ca.assert_that_pv_is("HFMAGPSU_01:HEATERSTATUS", expected_heaterStatus)
  File "C:\Instrument\Apps\EPICS\support\IocTestFramework\master\utils\channel_access.py", line 78, in assert_that_pv_is
    raise AssertionError(str(msg) + error_message)
AssertionError: Values didn't match when reading PV 'HFMAGPSU_01:HEATERSTATUS'.
                   Expected value: ON
                   Actual value: OFF
]]>		</error>
	</testcase>
	<system-out>
<![CDATA[]]>	</system-out>
	<system-err>
<![CDATA[]]>	</system-err>
</testsuite>
